Qflow DRC logfile created on Tue Jul 8 10:41:24 PM IST 2025
magic -dnull -noconsole  /home/jeyapranov/vsdflow/designs/sram8t/layout/run_drc_sram8t.tcl

Magic 8.3 revision 50 - Compiled on Tue Jul  8 10:06:28 PM IST 2025.
Starting magic under Tcl interpreter
Using the terminal as the console.
Using NULL graphics device.
Processing system .magicrc file
Input style lambda=0.10(p): scaleFactor=10, multiplier=1
Contact size value ignored (using GDS generation rules).
Contact size value ignored (using GDS generation rules).
Contact size value ignored (using GDS generation rules).
Contact size value ignored (using GDS generation rules).
Contact size value ignored (using GDS generation rules).
Contact size value ignored (using GDS generation rules).
Loading "/home/jeyapranov/vsdflow/designs/sram8t/layout/run_drc_sram8t.tcl" from command line.
Reading LEF data from file /usr/local/share/qflow/tech/osu018/osu018_stdcells.lef.
This action cannot be undone.
LEF read, Line 16 (Message): Unknown keyword "OBS" in LEF file; ignoring.
LEF read, Line 17 (Message): Unknown keyword "PIN" in LEF file; ignoring.
LEF read: Processed 2941 lines.
Processing timestamp mismatches: FILL, BUFX2, MUX2X1, INVX1, DFFPOSX1, DFFSR, CLKBUF1, INVX8, AOI21X1, NAND2X1, NOR2X1, AOI22X1, NOR3X1, NAND3X1, OAI21X1, OAI22X1, INVX4, AND2X2, INVX2, OR2X2.
drc = 0
DRC checking script ended on Tue Jul 8 10:41:25 PM IST 2025
