Qflow migration logfile created on Tue Jul 8 10:40:57 PM IST 2025
magic -dnull -noconsole  migrate_sram8t.tcl

Magic 8.3 revision 50 - Compiled on Tue Jul  8 10:06:28 PM IST 2025.
Starting magic under Tcl interpreter
Using the terminal as the console.
Using NULL graphics device.
Processing system .magicrc file
Input style lambda=0.10(p): scaleFactor=10, multiplier=1
Contact size value ignored (using GDS generation rules).
Contact size value ignored (using GDS generation rules).
Contact size value ignored (using GDS generation rules).
Contact size value ignored (using GDS generation rules).
Contact size value ignored (using GDS generation rules).
Contact size value ignored (using GDS generation rules).
Loading "migrate_sram8t.tcl" from command line.
Root cell box:
           width x height  (   llx,  lly  ), (   urx,  ury  )

microns:    0.00 x 0.00    (  0.00,  0.00 ), (  0.00,  0.00 )
lambda:        0 x 0       (     0,  0    ), (     0,  0    )
Reading LEF data from file /usr/local/share/qflow/tech/osu018/osu018_stdcells.lef.
This action cannot be undone.
LEF read, Line 16 (Message): Unknown keyword "OBS" in LEF file; ignoring.
LEF read, Line 17 (Message): Unknown keyword "PIN" in LEF file; ignoring.
LEF read: Processed 2941 lines.
Reading DEF data from file sram8t.def.
This action cannot be undone.
  Processed 5 vias total.
  Processed 743 subcell instances total.
  Processed 27 pins total.
  Processed 649 nets total.
DEF read, Line 8976 (Warning): Number of nets read (119) does not match the number declared (120).
DEF read: Processed 8977 lines.
DEF Read: encountered 1 warning total.
Generating LEF output sram8t.lef for cell sram8t:
Diagnostic:  Write LEF header for cell sram8t
Diagnostic:  Writing LEF output for cell sram8t
Diagnostic:  Scale value is 0.100000
Extracting BUFX2 into BUFX2.ext:
Completed 100%
Extracting AND2X2 into AND2X2.ext:
Completed 100%
Extracting DFFSR into DFFSR.ext:
Completed 50%
Completed 75%
Completed 100%
Extracting OAI22X1 into OAI22X1.ext:
Completed 100%
Extracting INVX4 into INVX4.ext:
Completed 100%
Extracting OAI21X1 into OAI21X1.ext:
Completed 100%
Extracting NOR3X1 into NOR3X1.ext:
Completed 100%
Extracting OR2X2 into OR2X2.ext:
Completed 100%
Extracting INVX2 into INVX2.ext:
Completed 100%
Extracting NAND3X1 into NAND3X1.ext:
Completed 100%
Extracting CLKBUF1 into CLKBUF1.ext:
Completed 100%
Extracting AOI22X1 into AOI22X1.ext:
Completed 100%
Extracting NAND2X1 into NAND2X1.ext:
Completed 100%
Extracting INVX8 into INVX8.ext:
Completed 100%
Extracting FILL into FILL.ext:
Completed 100%
Extracting NOR2X1 into NOR2X1.ext:
Completed 100%
Extracting AOI21X1 into AOI21X1.ext:
Completed 100%
Extracting INVX1 into INVX1.ext:
Completed 100%
Extracting MUX2X1 into MUX2X1.ext:
Completed 100%
Extracting DFFPOSX1 into DFFPOSX1.ext:
Completed 100%
Extracting sram8t into sram8t.ext:
Completed 5%
Completed 11%
Completed 16%
Completed 21%
Completed 26%
Completed 32%
Completed 37%
Completed 42%
Completed 47%
Completed 53%
Completed 58%
Completed 63%
Completed 68%
Completed 74%
Completed 79%
Completed 84%
Completed 89%
Completed 95%
Completed 100%
exttospice finished.
Migration script ended on Tue Jul 8 10:40:59 PM IST 2025
