Qflow route logfile created on Tue Jul 8 10:39:02 PM IST 2025
qrouter -noc  -s sram8t.cfg
Qrouter detail maze router version 1.4.59.T
Reading LEF data from file /usr/local/share/qflow/tech/osu018/osu018_stdcells.lef.
LEF Read, Line 191: NOTE:  Old format VIARULE ignored.
LEF Read, Line 192: NOTE:  Old format VIARULE ignored.
LEF Read, Line 196: NOTE:  Old format VIARULE ignored.
LEF Read, Line 197: NOTE:  Old format VIARULE ignored.
LEF Read, Line 207: NOTE:  Old format VIARULE ignored.
LEF Read, Line 208: NOTE:  Old format VIARULE ignored.
LEF Read, Line 212: NOTE:  Old format VIARULE ignored.
LEF Read, Line 213: NOTE:  Old format VIARULE ignored.
LEF Read, Line 223: NOTE:  Old format VIARULE ignored.
LEF Read, Line 224: NOTE:  Old format VIARULE ignored.
LEF Read, Line 228: NOTE:  Old format VIARULE ignored.
LEF Read, Line 229: NOTE:  Old format VIARULE ignored.
LEF Read, Line 239: NOTE:  Old format VIARULE ignored.
LEF Read, Line 240: NOTE:  Old format VIARULE ignored.
LEF Read, Line 244: NOTE:  Old format VIARULE ignored.
LEF Read, Line 245: NOTE:  Old format VIARULE ignored.
LEF Read, Line 255: NOTE:  Old format VIARULE ignored.
LEF Read, Line 256: NOTE:  Old format VIARULE ignored.
LEF Read, Line 260: NOTE:  Old format VIARULE ignored.
LEF Read, Line 261: NOTE:  Old format VIARULE ignored.
LEF file:  Defines site core (ignored)
LEF read: Processed 2941 lines.
LEF Read: encountered 0 errors and 20 warnings total.
Vertical route layer at non-minimum pitch 1.6.  Using smaller pitch 0.8, will route on 1-of-2 tracks for layer metal6.
Reading DEF data from file sram8t.def.
Diagnostic: Design name: "sram8t"
  Processed 5 vias total.
  Processed 743 subcell instances total.
  Processed 27 pins total.
  Processed 649 nets total (0 fixed).
  Processed 2 special nets total (3 fixed).
DEF read: Processed 3842 lines.
Output scale = microns / 100, precision 1
No antenna cell defined!
There are 650 nets in this design.
*** Running stage1 routing with defaults
Finished routing net _18_
Nets remaining: 649
Finished routing net _26_
Nets remaining: 648
Finished routing net _32_
Nets remaining: 647
Finished routing net _34_
Nets remaining: 646
Finished routing net _36_
Nets remaining: 645
Finished routing net _38_
Nets remaining: 644
Finished routing net _40_
Nets remaining: 643
Finished routing net _42_
Nets remaining: 642
Finished routing net _56_
Nets remaining: 641
Finished routing net _264_
Nets remaining: 640
Finished routing net _292_
Nets remaining: 639
Finished routing net _273_
Nets remaining: 638
Finished routing net clk_bF$buf10
Nets remaining: 637
Finished routing net clk_bF$buf9
Nets remaining: 636
Finished routing net clk_bF$buf8
Nets remaining: 635
Finished routing net clk_bF$buf7
Nets remaining: 634
Finished routing net clk_bF$buf6
Nets remaining: 633
Finished routing net clk_bF$buf5
Nets remaining: 632
Finished routing net clk_bF$buf4
Nets remaining: 631
Finished routing net clk_bF$buf3
Nets remaining: 630
Finished routing net clk_bF$buf2
Nets remaining: 629
Finished routing net clk_bF$buf1
Nets remaining: 628
Finished routing net clk_bF$buf0
Nets remaining: 627
Finished routing net _23_
Nets remaining: 626
Finished routing net clk
Nets remaining: 625
Finished routing net _280_
Nets remaining: 624
Finished routing net _318_
Nets remaining: 623
Finished routing net _27_
Nets remaining: 622
Finished routing net _29_
Nets remaining: 621
Finished routing net _46_
Nets remaining: 620
Finished routing net _81_
Nets remaining: 619
Finished routing net _82_
Nets remaining: 618
Finished routing net _89_
Nets remaining: 617
Finished routing net _92_
Nets remaining: 616
Finished routing net _94_
Nets remaining: 615
Finished routing net _98_
Nets remaining: 614
Finished routing net _100_
Nets remaining: 613
Finished routing net _21_
Nets remaining: 612
Finished routing net _24_
Nets remaining: 611
Finished routing net _30_
Nets remaining: 610
Failed to remove stacked via at grid point 39 49.
Failed to route net _47_
Finished routing net _95_
Nets remaining: 609
Finished routing net _284_
Nets remaining: 608
Finished routing net _301_
Nets remaining: 607
Finished routing net _303_
Nets remaining: 606
Finished routing net _310_
Nets remaining: 605
Finished routing net _322_
Nets remaining: 604
Finished routing net _331_
Nets remaining: 603
Finished routing net _340_
Nets remaining: 602
Finished routing net _348_
Nets remaining: 601
Finished routing net rst_n
Nets remaining: 600
Finished routing net _69_
Nets remaining: 599
Finished routing net _73_
Nets remaining: 598
Finished routing net _102_
Nets remaining: 597
Finished routing net vdd
Nets remaining: 596
Finished routing net _61_
Nets remaining: 595
Finished routing net _86_
Nets remaining: 594
Finished routing net addr[1]
Nets remaining: 593
Finished routing net addr[2]
Nets remaining: 592
Finished routing net addr[0]
Nets remaining: 591
Finished routing net _22_
Nets remaining: 590
Finished routing net _45_
Nets remaining: 589
Finished routing net addr[3]
Nets remaining: 588
Finished routing net _20_
Nets remaining: 587
Finished routing net _59_
Nets remaining: 586
Finished routing net _60_
Nets remaining: 585
Finished routing net _67_
Nets remaining: 584
Finished routing net _71_
Nets remaining: 583
Finished routing net _80_
Nets remaining: 582
Finished routing net _28_
Nets remaining: 581
Finished routing net _65_
Nets remaining: 580
Finished routing net _68_
Nets remaining: 579
Finished routing net _72_
Nets remaining: 578
Finished routing net _76_
Nets remaining: 577
Finished routing net _79_
Nets remaining: 576
Finished routing net _124_
Nets remaining: 575
Finished routing net _175_
Nets remaining: 574
Finished routing net _17_
Nets remaining: 573
Finished routing net _19_
Nets remaining: 572
Finished routing net we
Nets remaining: 571
Finished routing net mem[1][0]
Nets remaining: 570
Finished routing net mem[1][1]
Nets remaining: 569
Finished routing net mem[1][2]
Nets remaining: 568
Finished routing net mem[1][3]
Nets remaining: 567
Finished routing net mem[1][4]
Nets remaining: 566
Finished routing net mem[1][5]
Nets remaining: 565
Finished routing net mem[1][6]
Nets remaining: 564
Finished routing net mem[1][7]
Nets remaining: 563
Finished routing net mem[0][0]
Nets remaining: 562
Finished routing net mem[0][1]
Nets remaining: 561
Finished routing net mem[0][2]
Nets remaining: 560
Finished routing net mem[0][3]
Nets remaining: 559
Finished routing net mem[0][4]
Nets remaining: 558
Finished routing net mem[0][5]
Nets remaining: 557
Finished routing net mem[0][6]
Nets remaining: 556
Finished routing net mem[0][7]
Nets remaining: 555
Finished routing net _357_[0]
Nets remaining: 554
Finished routing net _58_
Nets remaining: 553
Finished routing net _63_
Nets remaining: 552
Finished routing net _64_
Nets remaining: 551
Finished routing net _66_
Nets remaining: 550
Finished routing net _70_
Nets remaining: 549
Finished routing net _75_
Nets remaining: 548
Finished routing net mem[12][0]
Nets remaining: 547
Finished routing net mem[8][0]
Nets remaining: 546
Finished routing net mem[5][0]
Nets remaining: 545
Finished routing net mem[2][0]
Nets remaining: 544
Finished routing net mem[6][0]
Nets remaining: 543
Finished routing net mem[4][0]
Nets remaining: 542
Finished routing net mem[9][0]
Nets remaining: 541
Finished routing net mem[15][0]
Nets remaining: 540
Finished routing net mem[11][0]
Nets remaining: 539
Finished routing net mem[14][0]
Nets remaining: 538
Finished routing net _357_[1]
Nets remaining: 537
Finished routing net _107_
Nets remaining: 536
Finished routing net _109_
Nets remaining: 535
Finished routing net _110_
Nets remaining: 534
Finished routing net _112_
Nets remaining: 533
Finished routing net mem[12][1]
Nets remaining: 532
Finished routing net mem[11][1]
Nets remaining: 531
Finished routing net mem[5][1]
Nets remaining: 530
Finished routing net mem[2][1]
Nets remaining: 529
Finished routing net mem[6][1]
Nets remaining: 528
Finished routing net mem[4][1]
Nets remaining: 527
Finished routing net mem[9][1]
Nets remaining: 526
Finished routing net mem[15][1]
Nets remaining: 525
Finished routing net mem[8][1]
Nets remaining: 524
Finished routing net mem[14][1]
Nets remaining: 523
Finished routing net _357_[2]
Nets remaining: 522
Finished routing net _130_
Nets remaining: 521
Finished routing net _132_
Nets remaining: 520
Finished routing net _133_
Nets remaining: 519
Finished routing net _135_
Nets remaining: 518
Finished routing net mem[12][2]
Nets remaining: 517
Finished routing net mem[8][2]
Nets remaining: 516
Finished routing net mem[5][2]
Nets remaining: 515
Finished routing net mem[2][2]
Nets remaining: 514
Finished routing net mem[6][2]
Nets remaining: 513
Finished routing net mem[4][2]
Nets remaining: 512
Finished routing net mem[9][2]
Nets remaining: 511
Finished routing net mem[15][2]
Nets remaining: 510
Finished routing net mem[11][2]
Nets remaining: 509
Finished routing net mem[14][2]
Nets remaining: 508
Finished routing net _357_[3]
Nets remaining: 507
Finished routing net _152_
Nets remaining: 506
Failed to remove stacked via at grid point 208 130.
Failed to remove stacked via at grid point 208 130.
Failed to route net _154_
Finished routing net _155_
Nets remaining: 505
Finished routing net _157_
Nets remaining: 504
Finished routing net mem[12][3]
Nets remaining: 503
Finished routing net mem[11][3]
Nets remaining: 502
Finished routing net mem[5][3]
Nets remaining: 501
Finished routing net mem[2][3]
Nets remaining: 500
Finished routing net mem[6][3]
Nets remaining: 499
Finished routing net mem[4][3]
Nets remaining: 498
Finished routing net mem[9][3]
Nets remaining: 497
Finished routing net mem[15][3]
Nets remaining: 496
Finished routing net mem[8][3]
Nets remaining: 495
Finished routing net mem[14][3]
Nets remaining: 494
Finished routing net _357_[4]
Nets remaining: 493
Finished routing net _174_
Nets remaining: 492
Finished routing net _177_
Nets remaining: 491
Finished routing net _178_
Nets remaining: 490
Finished routing net _179_
Nets remaining: 489
Finished routing net _181_
Nets remaining: 488
Finished routing net _182_
Nets remaining: 487
Finished routing net mem[6][4]
Nets remaining: 486
Finished routing net mem[7][4]
Nets remaining: 485
Finished routing net mem[8][4]
Nets remaining: 484
Finished routing net mem[13][4]
Nets remaining: 483
Finished routing net mem[12][4]
Nets remaining: 482
Finished routing net mem[4][4]
Nets remaining: 481
Finished routing net mem[15][4]
Nets remaining: 480
Finished routing net mem[11][4]
Nets remaining: 479
Finished routing net mem[3][4]
Nets remaining: 478
Finished routing net mem[5][4]
Nets remaining: 477
Finished routing net _357_[5]
Nets remaining: 476
Finished routing net _200_
Nets remaining: 475
Finished routing net _202_
Nets remaining: 474
Finished routing net _203_
Nets remaining: 473
Finished routing net _205_
Nets remaining: 472
Finished routing net mem[12][5]
Nets remaining: 471
Finished routing net mem[8][5]
Nets remaining: 470
Finished routing net mem[5][5]
Nets remaining: 469
Finished routing net mem[2][5]
Nets remaining: 468
Finished routing net mem[6][5]
Nets remaining: 467
Finished routing net mem[4][5]
Nets remaining: 466
Finished routing net mem[9][5]
Nets remaining: 465
Finished routing net mem[15][5]
Nets remaining: 464
Finished routing net mem[11][5]
Nets remaining: 463
Finished routing net mem[14][5]
Nets remaining: 462
Finished routing net _357_[6]
Nets remaining: 461
Finished routing net _222_
Nets remaining: 460
Finished routing net _224_
Nets remaining: 459
Finished routing net _225_
Nets remaining: 458
Finished routing net _227_
Nets remaining: 457
Finished routing net mem[12][6]
Nets remaining: 456
Finished routing net mem[11][6]
Nets remaining: 455
Finished routing net mem[5][6]
Nets remaining: 454
Finished routing net mem[2][6]
Nets remaining: 453
Finished routing net mem[6][6]
Nets remaining: 452
Finished routing net mem[4][6]
Nets remaining: 451
Finished routing net mem[9][6]
Nets remaining: 450
Finished routing net mem[15][6]
Nets remaining: 449
Finished routing net mem[8][6]
Nets remaining: 448
Finished routing net mem[14][6]
Nets remaining: 447
Finished routing net _357_[7]
Nets remaining: 446
Finished routing net _244_
Nets remaining: 445
Finished routing net _246_
Nets remaining: 444
Finished routing net _248_
Nets remaining: 443
Finished routing net mem[6][7]
Nets remaining: 442
Finished routing net mem[7][7]
Nets remaining: 441
Finished routing net mem[11][7]
Nets remaining: 440
Finished routing net mem[13][7]
Nets remaining: 439
Finished routing net mem[12][7]
Nets remaining: 438
Finished routing net mem[4][7]
Nets remaining: 437
Finished routing net mem[15][7]
Nets remaining: 436
Finished routing net mem[8][7]
Nets remaining: 435
Finished routing net mem[3][7]
Nets remaining: 434
Finished routing net mem[5][7]
Nets remaining: 433
Finished routing net mem[2][7]
Nets remaining: 432
Finished routing net din[7]
Nets remaining: 431
Finished routing net cs
Nets remaining: 430
Finished routing net _9_[7]
Nets remaining: 429
Finished routing net _25_
Nets remaining: 428
Finished routing net din[0]
Nets remaining: 427
Finished routing net _8_[0]
Nets remaining: 426
Finished routing net _31_
Nets remaining: 425
Finished routing net din[1]
Nets remaining: 424
Finished routing net _8_[1]
Nets remaining: 423
Finished routing net _33_
Nets remaining: 422
Finished routing net din[2]
Nets remaining: 421
Finished routing net _8_[2]
Nets remaining: 420
Finished routing net _35_
Nets remaining: 419
Finished routing net din[3]
Nets remaining: 418
Finished routing net _8_[3]
Nets remaining: 417
Finished routing net _37_
Nets remaining: 416
Finished routing net din[4]
Nets remaining: 415
Finished routing net _8_[4]
Nets remaining: 414
Finished routing net _39_
Nets remaining: 413
Finished routing net din[5]
Nets remaining: 412
Finished routing net _8_[5]
Nets remaining: 411
Finished routing net _41_
Nets remaining: 410
Finished routing net din[6]
Nets remaining: 409
Failed to remove stacked via at grid point 67 118.
Failed to route net _8_[6]
Finished routing net _43_
Nets remaining: 408
Finished routing net _8_[7]
Nets remaining: 407
Finished routing net _44_
Nets remaining: 406
Finished routing net _1_[0]
Nets remaining: 405
Finished routing net _48_
Nets remaining: 404
Finished routing net _1_[1]
Nets remaining: 403
Finished routing net _49_
Nets remaining: 402
Finished routing net _1_[2]
Nets remaining: 401
Finished routing net _50_
Nets remaining: 400
Finished routing net _1_[3]
Nets remaining: 399
Finished routing net _51_
Nets remaining: 398
Finished routing net _1_[4]
Nets remaining: 397
Finished routing net _52_
Nets remaining: 396
Finished routing net _1_[5]
Nets remaining: 395
Finished routing net _53_
Nets remaining: 394
Finished routing net _1_[6]
Nets remaining: 393
Finished routing net _54_
Nets remaining: 392
Finished routing net _1_[7]
Nets remaining: 391
Finished routing net re
Nets remaining: 390
Finished routing net _55_
Nets remaining: 389
Finished routing net _57_
Nets remaining: 388
Finished routing net mem[3][0]
Nets remaining: 387
Finished routing net _62_
Nets remaining: 386
Finished routing net mem[13][0]
Nets remaining: 385
Finished routing net mem[7][0]
Nets remaining: 384
Finished routing net _74_
Nets remaining: 383
Finished routing net mem[10][0]
Nets remaining: 382
Finished routing net _77_
Nets remaining: 381
Finished routing net _78_
Nets remaining: 380
Finished routing net _83_
Nets remaining: 379
Finished routing net _84_
Nets remaining: 378
Finished routing net _85_
Nets remaining: 377
Finished routing net _87_
Nets remaining: 376
Finished routing net _88_
Nets remaining: 375
Finished routing net _90_
Nets remaining: 374
Finished routing net _91_
Nets remaining: 373
Finished routing net _93_
Nets remaining: 372
Finished routing net _96_
Nets remaining: 371
Finished routing net _97_
Nets remaining: 370
Finished routing net _99_
Nets remaining: 369
Finished routing net _101_
Nets remaining: 368
Finished routing net _103_
Nets remaining: 367
Finished routing net _104_
Nets remaining: 366
Finished routing net _105_
Nets remaining: 365
Failed to remove stacked via at grid point 182 170.
Failed to route net _0_[0]
Finished routing net _106_
Nets remaining: 364
Finished routing net mem[3][1]
Nets remaining: 363
Finished routing net _108_
Nets remaining: 362
Finished routing net mem[13][1]
Nets remaining: 361
Finished routing net mem[7][1]
Nets remaining: 360
Finished routing net _111_
Nets remaining: 359
Finished routing net mem[10][1]
Nets remaining: 358
Finished routing net _113_
Nets remaining: 357
Finished routing net _114_
Nets remaining: 356
Finished routing net _115_
Nets remaining: 355
Finished routing net _116_
Nets remaining: 354
Finished routing net _117_
Nets remaining: 353
Finished routing net _118_
Nets remaining: 352
Finished routing net _119_
Nets remaining: 351
Finished routing net _120_
Nets remaining: 350
Finished routing net _121_
Nets remaining: 349
Finished routing net _122_
Nets remaining: 348
Finished routing net _123_
Nets remaining: 347
Finished routing net _125_
Nets remaining: 346
Finished routing net _126_
Nets remaining: 345
Finished routing net _127_
Nets remaining: 344
Finished routing net _128_
Nets remaining: 343
Finished routing net _0_[1]
Nets remaining: 342
Finished routing net _129_
Nets remaining: 341
Finished routing net mem[3][2]
Nets remaining: 340
Finished routing net _131_
Nets remaining: 339
Finished routing net mem[13][2]
Nets remaining: 338
Finished routing net mem[7][2]
Nets remaining: 337
Finished routing net _134_
Nets remaining: 336
Finished routing net mem[10][2]
Nets remaining: 335
Finished routing net _136_
Nets remaining: 334
Finished routing net _137_
Nets remaining: 333
Finished routing net _138_
Nets remaining: 332
Finished routing net _139_
Nets remaining: 331
Finished routing net _140_
Nets remaining: 330
Finished routing net _141_
Nets remaining: 329
Finished routing net _142_
Nets remaining: 328
Finished routing net _143_
Nets remaining: 327
Finished routing net _144_
Nets remaining: 326
Finished routing net _145_
Nets remaining: 325
Finished routing net _146_
Nets remaining: 324
Finished routing net _147_
Nets remaining: 323
Finished routing net _148_
Nets remaining: 322
Finished routing net _149_
Nets remaining: 321
Finished routing net _150_
Nets remaining: 320
Finished routing net _0_[2]
Nets remaining: 319
Finished routing net _151_
Nets remaining: 318
Finished routing net mem[3][3]
Nets remaining: 317
Finished routing net _153_
Nets remaining: 316
Finished routing net mem[13][3]
Nets remaining: 315
Finished routing net mem[7][3]
Nets remaining: 314
Finished routing net _156_
Nets remaining: 313
Finished routing net mem[10][3]
Nets remaining: 312
Finished routing net _158_
Nets remaining: 311
Finished routing net _159_
Nets remaining: 310
Finished routing net _160_
Nets remaining: 309
Finished routing net _161_
Nets remaining: 308
Finished routing net _162_
Nets remaining: 307
Finished routing net _163_
Nets remaining: 306
Finished routing net _164_
Nets remaining: 305
Finished routing net _165_
Nets remaining: 304
Finished routing net _166_
Nets remaining: 303
Finished routing net _167_
Nets remaining: 302
Finished routing net _168_
Nets remaining: 301
Finished routing net _169_
Nets remaining: 300
Finished routing net _170_
Nets remaining: 299
Finished routing net _171_
Nets remaining: 298
Finished routing net _172_
Nets remaining: 297
Failed to remove stacked via at grid point 207 157.
Failed to route net _0_[3]
Finished routing net _173_
Nets remaining: 296
Finished routing net mem[14][4]
Nets remaining: 295
Finished routing net _176_
Nets remaining: 294
Finished routing net mem[10][4]
Nets remaining: 293
Finished routing net mem[2][4]
Nets remaining: 292
Finished routing net _180_
Nets remaining: 291
Finished routing net mem[9][4]
Nets remaining: 290
Finished routing net _183_
Nets remaining: 289
Finished routing net _184_
Nets remaining: 288
Finished routing net _185_
Nets remaining: 287
Failed to remove stacked via at grid point 97 81.
Failed to route net _186_
Finished routing net _187_
Nets remaining: 286
Finished routing net _188_
Nets remaining: 285
Finished routing net _189_
Nets remaining: 284
Finished routing net _190_
Nets remaining: 283
Finished routing net _191_
Nets remaining: 282
Finished routing net _192_
Nets remaining: 281
Finished routing net _193_
Nets remaining: 280
Finished routing net _194_
Nets remaining: 279
Finished routing net _195_
Nets remaining: 278
Finished routing net _196_
Nets remaining: 277
Finished routing net _197_
Nets remaining: 276
Finished routing net _198_
Nets remaining: 275
Finished routing net _0_[4]
Nets remaining: 274
Finished routing net _199_
Nets remaining: 273
Finished routing net mem[3][5]
Nets remaining: 272
Finished routing net _201_
Nets remaining: 271
Finished routing net mem[13][5]
Nets remaining: 270
Finished routing net mem[7][5]
Nets remaining: 269
Finished routing net _204_
Nets remaining: 268
Finished routing net mem[10][5]
Nets remaining: 267
Finished routing net _206_
Nets remaining: 266
Finished routing net _207_
Nets remaining: 265
Finished routing net _208_
Nets remaining: 264
Finished routing net _209_
Nets remaining: 263
Finished routing net _210_
Nets remaining: 262
Finished routing net _211_
Nets remaining: 261
Finished routing net _212_
Nets remaining: 260
Finished routing net _213_
Nets remaining: 259
Finished routing net _214_
Nets remaining: 258
Finished routing net _215_
Nets remaining: 257
Finished routing net _216_
Nets remaining: 256
Finished routing net _217_
Nets remaining: 255
Finished routing net _218_
Nets remaining: 254
Finished routing net _219_
Nets remaining: 253
Finished routing net _220_
Nets remaining: 252
Failed to remove stacked via at grid point 183 97.
Failed to route net _0_[5]
Finished routing net _221_
Nets remaining: 251
Finished routing net mem[3][6]
Nets remaining: 250
Finished routing net _223_
Nets remaining: 249
Finished routing net mem[13][6]
Nets remaining: 248
Finished routing net mem[7][6]
Nets remaining: 247
Finished routing net _226_
Nets remaining: 246
Finished routing net mem[10][6]
Nets remaining: 245
Finished routing net _228_
Nets remaining: 244
Finished routing net _229_
Nets remaining: 243
Finished routing net _230_
Nets remaining: 242
Finished routing net _231_
Nets remaining: 241
Finished routing net _232_
Nets remaining: 240
Finished routing net _233_
Nets remaining: 239
Finished routing net _234_
Nets remaining: 238
Finished routing net _235_
Nets remaining: 237
Finished routing net _236_
Nets remaining: 236
Finished routing net _237_
Nets remaining: 235
Finished routing net _238_
Nets remaining: 234
Finished routing net _239_
Nets remaining: 233
Finished routing net _240_
Nets remaining: 232
Finished routing net _241_
Nets remaining: 231
Finished routing net _242_
Nets remaining: 230
Finished routing net _0_[6]
Nets remaining: 229
Finished routing net _243_
Nets remaining: 228
Finished routing net mem[14][7]
Nets remaining: 227
Finished routing net _245_
Nets remaining: 226
Finished routing net mem[10][7]
Nets remaining: 225
Finished routing net _247_
Nets remaining: 224
Finished routing net mem[9][7]
Nets remaining: 223
Finished routing net _249_
Nets remaining: 222
Finished routing net _250_
Nets remaining: 221
Finished routing net _251_
Nets remaining: 220
Failed to remove stacked via at grid point 85 86.
Failed to route net _252_
Finished routing net _253_
Nets remaining: 219
Finished routing net _254_
Nets remaining: 218
Finished routing net _255_
Nets remaining: 217
Finished routing net _256_
Nets remaining: 216
Finished routing net _257_
Nets remaining: 215
Finished routing net _258_
Nets remaining: 214
Failed to remove stacked via at grid point 72 70.
Failed to route net _259_
Finished routing net _260_
Nets remaining: 213
Finished routing net _261_
Nets remaining: 212
Finished routing net _262_
Nets remaining: 211
Finished routing net _263_
Nets remaining: 210
Finished routing net _0_[7]
Nets remaining: 209
Finished routing net _265_
Nets remaining: 208
Finished routing net _7_[0]
Nets remaining: 207
Finished routing net _266_
Nets remaining: 206
Failed to remove stacked via at grid point 46 58.
Failed to route net _7_[1]
Finished routing net _267_
Nets remaining: 205
Finished routing net _7_[2]
Nets remaining: 204
Finished routing net _268_
Nets remaining: 203
Finished routing net _7_[3]
Nets remaining: 202
Finished routing net _269_
Nets remaining: 201
Finished routing net _7_[4]
Nets remaining: 200
Finished routing net _270_
Nets remaining: 199
Finished routing net _7_[5]
Nets remaining: 198
Finished routing net _271_
Nets remaining: 197
Finished routing net _7_[6]
Nets remaining: 196
Finished routing net _272_
Nets remaining: 195
Finished routing net _7_[7]
Nets remaining: 194
Finished routing net _274_
Nets remaining: 193
Finished routing net _6_[0]
Nets remaining: 192
Finished routing net _275_
Nets remaining: 191
Finished routing net _6_[1]
Nets remaining: 190
Finished routing net _276_
Nets remaining: 189
Finished routing net _6_[2]
Nets remaining: 188
Finished routing net _277_
Nets remaining: 187
Finished routing net _6_[3]
Nets remaining: 186
Finished routing net _6_[4]
Nets remaining: 185
Finished routing net _278_
Nets remaining: 184
Finished routing net _6_[5]
Nets remaining: 183
Finished routing net _279_
Nets remaining: 182
Finished routing net _6_[6]
Nets remaining: 181
Finished routing net _6_[7]
Nets remaining: 180
Finished routing net _5_[0]
Nets remaining: 179
Finished routing net _5_[1]
Nets remaining: 178
Finished routing net _5_[2]
Nets remaining: 177
Finished routing net _5_[3]
Nets remaining: 176
Finished routing net _281_
Nets remaining: 175
Finished routing net _5_[4]
Nets remaining: 174
Finished routing net _5_[5]
Nets remaining: 173
Finished routing net _5_[6]
Nets remaining: 172
Finished routing net _282_
Nets remaining: 171
Finished routing net _5_[7]
Nets remaining: 170
Finished routing net _283_
Nets remaining: 169
Finished routing net _4_[0]
Nets remaining: 168
Finished routing net _285_
Nets remaining: 167
Finished routing net _4_[1]
Nets remaining: 166
Finished routing net _286_
Nets remaining: 165
Finished routing net _4_[2]
Nets remaining: 164
Finished routing net _287_
Nets remaining: 163
Finished routing net _4_[3]
Nets remaining: 162
Finished routing net _288_
Nets remaining: 161
Finished routing net _4_[4]
Nets remaining: 160
Finished routing net _289_
Nets remaining: 159
Finished routing net _4_[5]
Nets remaining: 158
Finished routing net _290_
Nets remaining: 157
Finished routing net _4_[6]
Nets remaining: 156
Finished routing net _291_
Nets remaining: 155
Finished routing net _4_[7]
Nets remaining: 154
Finished routing net _293_
Nets remaining: 153
Finished routing net _3_[0]
Nets remaining: 152
Finished routing net _294_
Nets remaining: 151
Finished routing net _3_[1]
Nets remaining: 150
Finished routing net _295_
Nets remaining: 149
Finished routing net _3_[2]
Nets remaining: 148
Finished routing net _296_
Nets remaining: 147
Finished routing net _3_[3]
Nets remaining: 146
Finished routing net _297_
Nets remaining: 145
Finished routing net _3_[4]
Nets remaining: 144
Finished routing net _298_
Nets remaining: 143
Finished routing net _3_[5]
Nets remaining: 142
Finished routing net _299_
Nets remaining: 141
Finished routing net _3_[6]
Nets remaining: 140
Finished routing net _300_
Nets remaining: 139
Finished routing net _3_[7]
Nets remaining: 138
Finished routing net _2_[0]
Nets remaining: 137
Finished routing net _2_[1]
Nets remaining: 136
Finished routing net _2_[2]
Nets remaining: 135
Finished routing net _2_[3]
Nets remaining: 134
Finished routing net _2_[4]
Nets remaining: 133
Finished routing net _2_[5]
Nets remaining: 132
Finished routing net _2_[6]
Nets remaining: 131
Finished routing net _2_[7]
Nets remaining: 130
Finished routing net _302_
Nets remaining: 129
Finished routing net _16_[0]
Nets remaining: 128
Finished routing net _304_
Nets remaining: 127
Finished routing net _16_[1]
Nets remaining: 126
Finished routing net _305_
Nets remaining: 125
Finished routing net _16_[2]
Nets remaining: 124
Finished routing net _306_
Nets remaining: 123
Finished routing net _16_[3]
Nets remaining: 122
Finished routing net _16_[4]
Nets remaining: 121
Finished routing net _307_
Nets remaining: 120
Finished routing net _16_[5]
Nets remaining: 119
Finished routing net _308_
Nets remaining: 118
Finished routing net _16_[6]
Nets remaining: 117
Finished routing net _16_[7]
Nets remaining: 116
Finished routing net _309_
Nets remaining: 115
Finished routing net _15_[0]
Nets remaining: 114
Finished routing net _311_
Nets remaining: 113
Finished routing net _15_[1]
Nets remaining: 112
Finished routing net _312_
Nets remaining: 111
Finished routing net _15_[2]
Nets remaining: 110
Finished routing net _313_
Nets remaining: 109
Finished routing net _15_[3]
Nets remaining: 108
Finished routing net _314_
Nets remaining: 107
Finished routing net _15_[4]
Nets remaining: 106
Finished routing net _315_
Nets remaining: 105
Finished routing net _15_[5]
Nets remaining: 104
Finished routing net _316_
Nets remaining: 103
Finished routing net _15_[6]
Nets remaining: 102
Finished routing net _317_
Nets remaining: 101
Finished routing net _15_[7]
Nets remaining: 100
Finished routing net _14_[0]
Nets remaining: 99
Finished routing net _14_[1]
Nets remaining: 98
Finished routing net _14_[2]
Nets remaining: 97
Finished routing net _14_[3]
Nets remaining: 96
Finished routing net _319_
Nets remaining: 95
Finished routing net _14_[4]
Nets remaining: 94
Finished routing net _14_[5]
Nets remaining: 93
Finished routing net _14_[6]
Nets remaining: 92
Finished routing net _320_
Nets remaining: 91
Finished routing net _14_[7]
Nets remaining: 90
Finished routing net _321_
Nets remaining: 89
Finished routing net _13_[0]
Nets remaining: 88
Finished routing net _323_
Nets remaining: 87
Finished routing net _13_[1]
Nets remaining: 86
Finished routing net _324_
Nets remaining: 85
Finished routing net _13_[2]
Nets remaining: 84
Finished routing net _325_
Nets remaining: 83
Finished routing net _13_[3]
Nets remaining: 82
Finished routing net _326_
Nets remaining: 81
Finished routing net _13_[4]
Nets remaining: 80
Finished routing net _327_
Nets remaining: 79
Finished routing net _13_[5]
Nets remaining: 78
Finished routing net _328_
Nets remaining: 77
Finished routing net _13_[6]
Nets remaining: 76
Finished routing net _329_
Nets remaining: 75
Finished routing net _13_[7]
Nets remaining: 74
Finished routing net _330_
Nets remaining: 73
Finished routing net _12_[0]
Nets remaining: 72
Finished routing net _332_
Nets remaining: 71
Finished routing net _12_[1]
Nets remaining: 70
Finished routing net _333_
Nets remaining: 69
Finished routing net _12_[2]
Nets remaining: 68
Finished routing net _334_
Nets remaining: 67
Finished routing net _12_[3]
Nets remaining: 66
Finished routing net _335_
Nets remaining: 65
Finished routing net _12_[4]
Nets remaining: 64
Finished routing net _336_
Nets remaining: 63
Finished routing net _12_[5]
Nets remaining: 62
Finished routing net _337_
Nets remaining: 61
Finished routing net _12_[6]
Nets remaining: 60
Finished routing net _338_
Nets remaining: 59
Finished routing net _12_[7]
Nets remaining: 58
Finished routing net _339_
Nets remaining: 57
Finished routing net _11_[0]
Nets remaining: 56
Finished routing net _341_
Nets remaining: 55
Finished routing net _11_[1]
Nets remaining: 54
Finished routing net _342_
Nets remaining: 53
Finished routing net _11_[2]
Nets remaining: 52
Finished routing net _343_
Nets remaining: 51
Finished routing net _11_[3]
Nets remaining: 50
Finished routing net _344_
Nets remaining: 49
Finished routing net _11_[4]
Nets remaining: 48
Finished routing net _345_
Nets remaining: 47
Finished routing net _11_[5]
Nets remaining: 46
Finished routing net _346_
Nets remaining: 45
Finished routing net _11_[6]
Nets remaining: 44
Finished routing net _347_
Nets remaining: 43
Finished routing net _11_[7]
Nets remaining: 42
Finished routing net _10_[0]
Nets remaining: 41
Finished routing net _10_[1]
Nets remaining: 40
Finished routing net _10_[2]
Nets remaining: 39
Finished routing net _10_[3]
Nets remaining: 38
Finished routing net _349_
Nets remaining: 37
Finished routing net _10_[4]
Nets remaining: 36
Finished routing net _10_[5]
Nets remaining: 35
Finished routing net _10_[6]
Nets remaining: 34
Finished routing net _350_
Nets remaining: 33
Finished routing net _10_[7]
Nets remaining: 32
Finished routing net _351_
Nets remaining: 31
Finished routing net _9_[0]
Nets remaining: 30
Finished routing net _352_
Nets remaining: 29
Finished routing net _9_[1]
Nets remaining: 28
Finished routing net _353_
Nets remaining: 27
Finished routing net _9_[2]
Nets remaining: 26
Finished routing net _354_
Nets remaining: 25
Finished routing net _9_[3]
Nets remaining: 24
Finished routing net _9_[4]
Nets remaining: 23
Finished routing net _355_
Nets remaining: 22
Finished routing net _9_[5]
Nets remaining: 21
Finished routing net _356_
Nets remaining: 20
Finished routing net _9_[6]
Nets remaining: 19
Finished routing net dout[0]
Nets remaining: 18
Finished routing net dout[1]
Nets remaining: 17
Finished routing net dout[2]
Nets remaining: 16
Finished routing net dout[3]
Nets remaining: 15
Finished routing net dout[4]
Nets remaining: 14
Finished routing net dout[5]
Nets remaining: 13
Finished routing net dout[6]
Nets remaining: 12
Finished routing net dout[7]
Nets remaining: 11

----------------------------------------------
Progress: Stage 1 total routes completed: 1386
Failed net routes: 10
----------------------------------------------
*** Running stage2 routing with options mask 10, effort 10
Nets remaining: 10
Nets remaining: 9
Best route of _259_ collides with net: _264_ 
Ripping up blocking net _264_
Nets remaining: 9
Nets remaining: 8
Nets remaining: 7
Best route of _186_ collides with net: _100_ 
Ripping up blocking net _100_
Nets remaining: 7
Best route of _0_[3] collides with net: clk_bF$buf0 
Ripping up blocking net clk_bF$buf0
Nets remaining: 7
Nets remaining: 6
Nets remaining: 5
Nets remaining: 4
Nets remaining: 3
Nets remaining: 2
Nets remaining: 1

----------------------------------------------
Progress: Stage 2 total routes completed: 1440
No failed routes!
----------------------------------------------
*** Running stage3 routing with defaults, 1st round
Finished routing net _18_
Nets remaining: 649
Finished routing net _26_
Nets remaining: 648
Finished routing net _32_
Nets remaining: 647
Finished routing net _34_
Nets remaining: 646
Finished routing net _36_
Nets remaining: 645
Finished routing net _38_
Nets remaining: 644
Finished routing net _40_
Nets remaining: 643
Finished routing net _42_
Nets remaining: 642
Finished routing net _56_
Nets remaining: 641
Finished routing net _264_
Nets remaining: 640
Finished routing net _292_
Nets remaining: 639
Finished routing net _273_
Nets remaining: 638
Finished routing net clk_bF$buf10
Nets remaining: 637
Finished routing net clk_bF$buf9
Nets remaining: 636
Finished routing net clk_bF$buf8
Nets remaining: 635
Finished routing net clk_bF$buf7
Nets remaining: 634
Failed to remove stacked via at grid point 135 137.
Failed to remove stacked via at grid point 135 137.
Failed to route net clk_bF$buf6; restoring original
Finished routing net clk_bF$buf5
Nets remaining: 632
Finished routing net clk_bF$buf4
Nets remaining: 631
Finished routing net clk_bF$buf3
Nets remaining: 630
Finished routing net clk_bF$buf2
Nets remaining: 629
Finished routing net clk_bF$buf1
Nets remaining: 628
Finished routing net clk_bF$buf0
Nets remaining: 627
Finished routing net _23_
Nets remaining: 626
Finished routing net clk
Nets remaining: 625
Finished routing net _280_
Nets remaining: 624
Finished routing net _318_
Nets remaining: 623
Finished routing net _27_
Nets remaining: 622
Finished routing net _29_
Nets remaining: 621
Finished routing net _46_
Nets remaining: 620
Finished routing net _81_
Nets remaining: 619
Finished routing net _82_
Nets remaining: 618
Finished routing net _89_
Nets remaining: 617
Finished routing net _92_
Nets remaining: 616
Finished routing net _94_
Nets remaining: 615
Finished routing net _98_
Nets remaining: 614
Finished routing net _100_
Nets remaining: 613
Finished routing net _21_
Nets remaining: 612
Finished routing net _24_
Nets remaining: 611
Finished routing net _30_
Nets remaining: 610
Finished routing net _47_
Nets remaining: 609
Finished routing net _95_
Nets remaining: 608
Finished routing net _284_
Nets remaining: 607
Finished routing net _301_
Nets remaining: 606
Finished routing net _303_
Nets remaining: 605
Finished routing net _310_
Nets remaining: 604
Finished routing net _322_
Nets remaining: 603
Finished routing net _331_
Nets remaining: 602
Finished routing net _340_
Nets remaining: 601
Finished routing net _348_
Nets remaining: 600
Finished routing net rst_n
Nets remaining: 599
Finished routing net _69_
Nets remaining: 598
Finished routing net _73_
Nets remaining: 597
Finished routing net _102_
Nets remaining: 596
Keeping route for net vdd
Finished routing net _61_
Nets remaining: 594
Finished routing net _86_
Nets remaining: 593
Finished routing net addr[1]
Nets remaining: 592
Finished routing net addr[2]
Nets remaining: 591
Finished routing net addr[0]
Nets remaining: 590
Finished routing net _22_
Nets remaining: 589
Finished routing net _45_
Nets remaining: 588
Finished routing net addr[3]
Nets remaining: 587
Finished routing net _20_
Nets remaining: 586
Finished routing net _59_
Nets remaining: 585
Finished routing net _60_
Nets remaining: 584
Finished routing net _67_
Nets remaining: 583
Finished routing net _71_
Nets remaining: 582
Finished routing net _80_
Nets remaining: 581
Finished routing net _28_
Nets remaining: 580
Finished routing net _65_
Nets remaining: 579
Finished routing net _68_
Nets remaining: 578
Finished routing net _72_
Nets remaining: 577
Finished routing net _76_
Nets remaining: 576
Finished routing net _79_
Nets remaining: 575
Finished routing net _124_
Nets remaining: 574
Finished routing net _175_
Nets remaining: 573
Finished routing net _17_
Nets remaining: 572
Finished routing net _19_
Nets remaining: 571
Finished routing net we
Nets remaining: 570
Finished routing net mem[1][0]
Nets remaining: 569
Finished routing net mem[1][1]
Nets remaining: 568
Finished routing net mem[1][2]
Nets remaining: 567
Finished routing net mem[1][3]
Nets remaining: 566
Finished routing net mem[1][4]
Nets remaining: 565
Finished routing net mem[1][5]
Nets remaining: 564
Finished routing net mem[1][6]
Nets remaining: 563
Finished routing net mem[1][7]
Nets remaining: 562
Finished routing net mem[0][0]
Nets remaining: 561
Finished routing net mem[0][1]
Nets remaining: 560
Finished routing net mem[0][2]
Nets remaining: 559
Finished routing net mem[0][3]
Nets remaining: 558
Finished routing net mem[0][4]
Nets remaining: 557
Finished routing net mem[0][5]
Nets remaining: 556
Finished routing net mem[0][6]
Nets remaining: 555
Finished routing net mem[0][7]
Nets remaining: 554
Keeping route for net _357_[0]
Keeping route for net _58_
Finished routing net _63_
Nets remaining: 551
Finished routing net _64_
Nets remaining: 550
Finished routing net _66_
Nets remaining: 549
Finished routing net _70_
Nets remaining: 548
Finished routing net _75_
Nets remaining: 547
Finished routing net mem[12][0]
Nets remaining: 546
Finished routing net mem[8][0]
Nets remaining: 545
Finished routing net mem[5][0]
Nets remaining: 544
Finished routing net mem[2][0]
Nets remaining: 543
Finished routing net mem[6][0]
Nets remaining: 542
Finished routing net mem[4][0]
Nets remaining: 541
Finished routing net mem[9][0]
Nets remaining: 540
Finished routing net mem[15][0]
Nets remaining: 539
Finished routing net mem[11][0]
Nets remaining: 538
Finished routing net mem[14][0]
Nets remaining: 537
Finished routing net _357_[1]
Nets remaining: 536
Finished routing net _107_
Nets remaining: 535
Finished routing net _109_
Nets remaining: 534
Finished routing net _110_
Nets remaining: 533
Finished routing net _112_
Nets remaining: 532
Finished routing net mem[12][1]
Nets remaining: 531
Finished routing net mem[11][1]
Nets remaining: 530
Finished routing net mem[5][1]
Nets remaining: 529
Finished routing net mem[2][1]
Nets remaining: 528
Finished routing net mem[6][1]
Nets remaining: 527
Finished routing net mem[4][1]
Nets remaining: 526
Finished routing net mem[9][1]
Nets remaining: 525
Finished routing net mem[15][1]
Nets remaining: 524
Finished routing net mem[8][1]
Nets remaining: 523
Finished routing net mem[14][1]
Nets remaining: 522
Finished routing net _357_[2]
Nets remaining: 521
Finished routing net _130_
Nets remaining: 520
Finished routing net _132_
Nets remaining: 519
Finished routing net _133_
Nets remaining: 518
Finished routing net _135_
Nets remaining: 517
Finished routing net mem[12][2]
Nets remaining: 516
Finished routing net mem[8][2]
Nets remaining: 515
Keeping route for net mem[5][2]
Keeping route for net mem[2][2]
Finished routing net mem[6][2]
Nets remaining: 512
Finished routing net mem[4][2]
Nets remaining: 511
Finished routing net mem[9][2]
Nets remaining: 510
Finished routing net mem[15][2]
Nets remaining: 509
Finished routing net mem[11][2]
Nets remaining: 508
Finished routing net mem[14][2]
Nets remaining: 507
Finished routing net _357_[3]
Nets remaining: 506
Finished routing net _152_
Nets remaining: 505
Finished routing net _154_
Nets remaining: 504
Finished routing net _155_
Nets remaining: 503
Finished routing net _157_
Nets remaining: 502
Finished routing net mem[12][3]
Nets remaining: 501
Finished routing net mem[11][3]
Nets remaining: 500
Finished routing net mem[5][3]
Nets remaining: 499
Finished routing net mem[2][3]
Nets remaining: 498
Finished routing net mem[6][3]
Nets remaining: 497
Finished routing net mem[4][3]
Nets remaining: 496
Finished routing net mem[9][3]
Nets remaining: 495
Finished routing net mem[15][3]
Nets remaining: 494
Finished routing net mem[8][3]
Nets remaining: 493
Finished routing net mem[14][3]
Nets remaining: 492
Finished routing net _357_[4]
Nets remaining: 491
Finished routing net _174_
Nets remaining: 490
Finished routing net _177_
Nets remaining: 489
Finished routing net _178_
Nets remaining: 488
Finished routing net _179_
Nets remaining: 487
Finished routing net _181_
Nets remaining: 486
Finished routing net _182_
Nets remaining: 485
Finished routing net mem[6][4]
Nets remaining: 484
Finished routing net mem[7][4]
Nets remaining: 483
Finished routing net mem[8][4]
Nets remaining: 482
Finished routing net mem[13][4]
Nets remaining: 481
Finished routing net mem[12][4]
Nets remaining: 480
Keeping route for net mem[4][4]
Finished routing net mem[15][4]
Nets remaining: 478
Finished routing net mem[11][4]
Nets remaining: 477
Finished routing net mem[3][4]
Nets remaining: 476
Finished routing net mem[5][4]
Nets remaining: 475
Finished routing net _357_[5]
Nets remaining: 474
Finished routing net _200_
Nets remaining: 473
Finished routing net _202_
Nets remaining: 472
Finished routing net _203_
Nets remaining: 471
Finished routing net _205_
Nets remaining: 470
Finished routing net mem[12][5]
Nets remaining: 469
Finished routing net mem[8][5]
Nets remaining: 468
Finished routing net mem[5][5]
Nets remaining: 467
Finished routing net mem[2][5]
Nets remaining: 466
Finished routing net mem[6][5]
Nets remaining: 465
Finished routing net mem[4][5]
Nets remaining: 464
Finished routing net mem[9][5]
Nets remaining: 463
Finished routing net mem[15][5]
Nets remaining: 462
Finished routing net mem[11][5]
Nets remaining: 461
Finished routing net mem[14][5]
Nets remaining: 460
Finished routing net _357_[6]
Nets remaining: 459
Finished routing net _222_
Nets remaining: 458
Finished routing net _224_
Nets remaining: 457
Finished routing net _225_
Nets remaining: 456
Finished routing net _227_
Nets remaining: 455
Finished routing net mem[12][6]
Nets remaining: 454
Finished routing net mem[11][6]
Nets remaining: 453
Finished routing net mem[5][6]
Nets remaining: 452
Finished routing net mem[2][6]
Nets remaining: 451
Finished routing net mem[6][6]
Nets remaining: 450
Finished routing net mem[4][6]
Nets remaining: 449
Finished routing net mem[9][6]
Nets remaining: 448
Finished routing net mem[15][6]
Nets remaining: 447
Finished routing net mem[8][6]
Nets remaining: 446
Finished routing net mem[14][6]
Nets remaining: 445
Finished routing net _357_[7]
Nets remaining: 444
Finished routing net _244_
Nets remaining: 443
Finished routing net _246_
Nets remaining: 442
Finished routing net _248_
Nets remaining: 441
Finished routing net mem[6][7]
Nets remaining: 440
Finished routing net mem[7][7]
Nets remaining: 439
Finished routing net mem[11][7]
Nets remaining: 438
Finished routing net mem[13][7]
Nets remaining: 437
Keeping route for net mem[12][7]
Finished routing net mem[4][7]
Nets remaining: 435
Finished routing net mem[15][7]
Nets remaining: 434
Finished routing net mem[8][7]
Nets remaining: 433
Keeping route for net mem[3][7]
Finished routing net mem[5][7]
Nets remaining: 431
Keeping route for net mem[2][7]
Finished routing net din[7]
Nets remaining: 429
Keeping route for net cs
Finished routing net _9_[7]
Nets remaining: 427
Keeping route for net _25_
Finished routing net din[0]
Nets remaining: 425
Finished routing net _8_[0]
Nets remaining: 424
Keeping route for net _31_
Finished routing net din[1]
Nets remaining: 422
Finished routing net _8_[1]
Nets remaining: 421
Keeping route for net _33_
Finished routing net din[2]
Nets remaining: 419
Finished routing net _8_[2]
Nets remaining: 418
Keeping route for net _35_
Finished routing net din[3]
Nets remaining: 416
Finished routing net _8_[3]
Nets remaining: 415
Finished routing net _37_
Nets remaining: 414
Finished routing net din[4]
Nets remaining: 413
Finished routing net _8_[4]
Nets remaining: 412
Keeping route for net _39_
Finished routing net din[5]
Nets remaining: 410
Finished routing net _8_[5]
Nets remaining: 409
Keeping route for net _41_
Finished routing net din[6]
Nets remaining: 407
Finished routing net _8_[6]
Nets remaining: 406
Keeping route for net _43_
Finished routing net _8_[7]
Nets remaining: 404
Keeping route for net _44_
Finished routing net _1_[0]
Nets remaining: 402
Finished routing net _48_
Nets remaining: 401
Keeping route for net _1_[1]
Keeping route for net _49_
Finished routing net _1_[2]
Nets remaining: 398
Keeping route for net _50_
Finished routing net _1_[3]
Nets remaining: 396
Keeping route for net _51_
Finished routing net _1_[4]
Nets remaining: 394
Keeping route for net _52_
Finished routing net _1_[5]
Nets remaining: 392
Finished routing net _53_
Nets remaining: 391
Keeping route for net _1_[6]
Keeping route for net _54_
Finished routing net _1_[7]
Nets remaining: 388
Keeping route for net re
Keeping route for net _55_
Keeping route for net _57_
Finished routing net mem[3][0]
Nets remaining: 384
Finished routing net _62_
Nets remaining: 383
Finished routing net mem[13][0]
Nets remaining: 382
Keeping route for net mem[7][0]
Finished routing net _74_
Nets remaining: 380
Finished routing net mem[10][0]
Nets remaining: 379
Keeping route for net _77_
Keeping route for net _78_
Finished routing net _83_
Nets remaining: 376
Finished routing net _84_
Nets remaining: 375
Finished routing net _85_
Nets remaining: 374
Finished routing net _87_
Nets remaining: 373
Keeping route for net _88_
Finished routing net _90_
Nets remaining: 371
Finished routing net _91_
Nets remaining: 370
Finished routing net _93_
Nets remaining: 369
Finished routing net _96_
Nets remaining: 368
Finished routing net _97_
Nets remaining: 367
Finished routing net _99_
Nets remaining: 366
Finished routing net _101_
Nets remaining: 365
Finished routing net _103_
Nets remaining: 364
Finished routing net _104_
Nets remaining: 363
Finished routing net _105_
Nets remaining: 362
Finished routing net _0_[0]
Nets remaining: 361
Finished routing net _106_
Nets remaining: 360
Finished routing net mem[3][1]
Nets remaining: 359
Keeping route for net _108_
Keeping route for net mem[13][1]
Finished routing net mem[7][1]
Nets remaining: 356
Finished routing net _111_
Nets remaining: 355
Finished routing net mem[10][1]
Nets remaining: 354
Keeping route for net _113_
Finished routing net _114_
Nets remaining: 352
Finished routing net _115_
Nets remaining: 351
Finished routing net _116_
Nets remaining: 350
Finished routing net _117_
Nets remaining: 349
Finished routing net _118_
Nets remaining: 348
Finished routing net _119_
Nets remaining: 347
Keeping route for net _120_
Finished routing net _121_
Nets remaining: 345
Finished routing net _122_
Nets remaining: 344
Finished routing net _123_
Nets remaining: 343
Finished routing net _125_
Nets remaining: 342
Finished routing net _126_
Nets remaining: 341
Finished routing net _127_
Nets remaining: 340
Finished routing net _128_
Nets remaining: 339
Finished routing net _0_[1]
Nets remaining: 338
Finished routing net _129_
Nets remaining: 337
Keeping route for net mem[3][2]
Keeping route for net _131_
Keeping route for net mem[13][2]
Keeping route for net mem[7][2]
Finished routing net _134_
Nets remaining: 332
Finished routing net mem[10][2]
Nets remaining: 331
Finished routing net _136_
Nets remaining: 330
Finished routing net _137_
Nets remaining: 329
Finished routing net _138_
Nets remaining: 328
Finished routing net _139_
Nets remaining: 327
Keeping route for net _140_
Finished routing net _141_
Nets remaining: 325
Finished routing net _142_
Nets remaining: 324
Finished routing net _143_
Nets remaining: 323
Finished routing net _144_
Nets remaining: 322
Finished routing net _145_
Nets remaining: 321
Finished routing net _146_
Nets remaining: 320
Finished routing net _147_
Nets remaining: 319
Finished routing net _148_
Nets remaining: 318
Finished routing net _149_
Nets remaining: 317
Finished routing net _150_
Nets remaining: 316
Finished routing net _0_[2]
Nets remaining: 315
Keeping route for net _151_
Finished routing net mem[3][3]
Nets remaining: 313
Finished routing net _153_
Nets remaining: 312
Finished routing net mem[13][3]
Nets remaining: 311
Keeping route for net mem[7][3]
Finished routing net _156_
Nets remaining: 309
Finished routing net mem[10][3]
Nets remaining: 308
Finished routing net _158_
Nets remaining: 307
Finished routing net _159_
Nets remaining: 306
Finished routing net _160_
Nets remaining: 305
Keeping route for net _161_
Finished routing net _162_
Nets remaining: 303
Finished routing net _163_
Nets remaining: 302
Finished routing net _164_
Nets remaining: 301
Finished routing net _165_
Nets remaining: 300
Finished routing net _166_
Nets remaining: 299
Finished routing net _167_
Nets remaining: 298
Finished routing net _168_
Nets remaining: 297
Finished routing net _169_
Nets remaining: 296
Finished routing net _170_
Nets remaining: 295
Finished routing net _171_
Nets remaining: 294
Finished routing net _172_
Nets remaining: 293
Finished routing net _0_[3]
Nets remaining: 292
Finished routing net _173_
Nets remaining: 291
Keeping route for net mem[14][4]
Finished routing net _176_
Nets remaining: 289
Finished routing net mem[10][4]
Nets remaining: 288
Finished routing net mem[2][4]
Nets remaining: 287
Finished routing net _180_
Nets remaining: 286
Finished routing net mem[9][4]
Nets remaining: 285
Finished routing net _183_
Nets remaining: 284
Finished routing net _184_
Nets remaining: 283
Finished routing net _185_
Nets remaining: 282
Finished routing net _186_
Nets remaining: 281
Finished routing net _187_
Nets remaining: 280
Finished routing net _188_
Nets remaining: 279
Finished routing net _189_
Nets remaining: 278
Finished routing net _190_
Nets remaining: 277
Finished routing net _191_
Nets remaining: 276
Finished routing net _192_
Nets remaining: 275
Finished routing net _193_
Nets remaining: 274
Finished routing net _194_
Nets remaining: 273
Keeping route for net _195_
Finished routing net _196_
Nets remaining: 271
Finished routing net _197_
Nets remaining: 270
Finished routing net _198_
Nets remaining: 269
Failed to remove stacked via at grid point 164 97.
Failed to route net _0_[4]; restoring original
Keeping route for net _199_
Finished routing net mem[3][5]
Nets remaining: 266
Finished routing net _201_
Nets remaining: 265
Finished routing net mem[13][5]
Nets remaining: 264
Finished routing net mem[7][5]
Nets remaining: 263
Finished routing net _204_
Nets remaining: 262
Finished routing net mem[10][5]
Nets remaining: 261
Finished routing net _206_
Nets remaining: 260
Finished routing net _207_
Nets remaining: 259
Finished routing net _208_
Nets remaining: 258
Finished routing net _209_
Nets remaining: 257
Keeping route for net _210_
Finished routing net _211_
Nets remaining: 255
Finished routing net _212_
Nets remaining: 254
Finished routing net _213_
Nets remaining: 253
Finished routing net _214_
Nets remaining: 252
Finished routing net _215_
Nets remaining: 251
Finished routing net _216_
Nets remaining: 250
Finished routing net _217_
Nets remaining: 249
Finished routing net _218_
Nets remaining: 248
Finished routing net _219_
Nets remaining: 247
Finished routing net _220_
Nets remaining: 246
Failed to remove stacked via at grid point 183 97.
Failed to route net _0_[5]; restoring original
Keeping route for net _221_
Keeping route for net mem[3][6]
Finished routing net _223_
Nets remaining: 242
Finished routing net mem[13][6]
Nets remaining: 241
Finished routing net mem[7][6]
Nets remaining: 240
Finished routing net _226_
Nets remaining: 239
Keeping route for net mem[10][6]
Finished routing net _228_
Nets remaining: 237
Finished routing net _229_
Nets remaining: 236
Finished routing net _230_
Nets remaining: 235
Keeping route for net _231_
Finished routing net _232_
Nets remaining: 233
Finished routing net _233_
Nets remaining: 232
Finished routing net _234_
Nets remaining: 231
Finished routing net _235_
Nets remaining: 230
Finished routing net _236_
Nets remaining: 229
Finished routing net _237_
Nets remaining: 228
Finished routing net _238_
Nets remaining: 227
Keeping route for net _239_
Finished routing net _240_
Nets remaining: 225
Finished routing net _241_
Nets remaining: 224
Finished routing net _242_
Nets remaining: 223
Finished routing net _0_[6]
Nets remaining: 222
Finished routing net _243_
Nets remaining: 221
Finished routing net mem[14][7]
Nets remaining: 220
Finished routing net _245_
Nets remaining: 219
Finished routing net mem[10][7]
Nets remaining: 218
Finished routing net _247_
Nets remaining: 217
Finished routing net mem[9][7]
Nets remaining: 216
Finished routing net _249_
Nets remaining: 215
Finished routing net _250_
Nets remaining: 214
Finished routing net _251_
Nets remaining: 213
Finished routing net _252_
Nets remaining: 212
Finished routing net _253_
Nets remaining: 211
Finished routing net _254_
Nets remaining: 210
Finished routing net _255_
Nets remaining: 209
Finished routing net _256_
Nets remaining: 208
Finished routing net _257_
Nets remaining: 207
Finished routing net _258_
Nets remaining: 206
Finished routing net _259_
Nets remaining: 205
Finished routing net _260_
Nets remaining: 204
Finished routing net _261_
Nets remaining: 203
Finished routing net _262_
Nets remaining: 202
Finished routing net _263_
Nets remaining: 201
Finished routing net _0_[7]
Nets remaining: 200
Keeping route for net _265_
Finished routing net _7_[0]
Nets remaining: 198
Keeping route for net _266_
Finished routing net _7_[1]
Nets remaining: 196
Keeping route for net _267_
Finished routing net _7_[2]
Nets remaining: 194
Keeping route for net _268_
Finished routing net _7_[3]
Nets remaining: 192
Keeping route for net _269_
Finished routing net _7_[4]
Nets remaining: 190
Keeping route for net _270_
Finished routing net _7_[5]
Nets remaining: 188
Keeping route for net _271_
Finished routing net _7_[6]
Nets remaining: 186
Keeping route for net _272_
Finished routing net _7_[7]
Nets remaining: 184
Keeping route for net _274_
Finished routing net _6_[0]
Nets remaining: 182
Keeping route for net _275_
Finished routing net _6_[1]
Nets remaining: 180
Keeping route for net _276_
Finished routing net _6_[2]
Nets remaining: 178
Keeping route for net _277_
Finished routing net _6_[3]
Nets remaining: 176
Finished routing net _6_[4]
Nets remaining: 175
Keeping route for net _278_
Finished routing net _6_[5]
Nets remaining: 173
Keeping route for net _279_
Finished routing net _6_[6]
Nets remaining: 171
Finished routing net _6_[7]
Nets remaining: 170
Finished routing net _5_[0]
Nets remaining: 169
Finished routing net _5_[1]
Nets remaining: 168
Finished routing net _5_[2]
Nets remaining: 167
Finished routing net _5_[3]
Nets remaining: 166
Keeping route for net _281_
Finished routing net _5_[4]
Nets remaining: 164
Finished routing net _5_[5]
Nets remaining: 163
Finished routing net _5_[6]
Nets remaining: 162
Keeping route for net _282_
Finished routing net _5_[7]
Nets remaining: 160
Keeping route for net _283_
Finished routing net _4_[0]
Nets remaining: 158
Finished routing net _285_
Nets remaining: 157
Finished routing net _4_[1]
Nets remaining: 156
Finished routing net _286_
Nets remaining: 155
Finished routing net _4_[2]
Nets remaining: 154
Keeping route for net _287_
Finished routing net _4_[3]
Nets remaining: 152
Keeping route for net _288_
Finished routing net _4_[4]
Nets remaining: 150
Keeping route for net _289_
Finished routing net _4_[5]
Nets remaining: 148
Keeping route for net _290_
Finished routing net _4_[6]
Nets remaining: 146
Keeping route for net _291_
Finished routing net _4_[7]
Nets remaining: 144
Keeping route for net _293_
Finished routing net _3_[0]
Nets remaining: 142
Keeping route for net _294_
Finished routing net _3_[1]
Nets remaining: 140
Keeping route for net _295_
Finished routing net _3_[2]
Nets remaining: 138
Keeping route for net _296_
Finished routing net _3_[3]
Nets remaining: 136
Keeping route for net _297_
Finished routing net _3_[4]
Nets remaining: 134
Keeping route for net _298_
Finished routing net _3_[5]
Nets remaining: 132
Keeping route for net _299_
Finished routing net _3_[6]
Nets remaining: 130
Finished routing net _300_
Nets remaining: 129
Finished routing net _3_[7]
Nets remaining: 128
Finished routing net _2_[0]
Nets remaining: 127
Finished routing net _2_[1]
Nets remaining: 126
Finished routing net _2_[2]
Nets remaining: 125
Keeping route for net _2_[3]
Finished routing net _2_[4]
Nets remaining: 123
Finished routing net _2_[5]
Nets remaining: 122
Finished routing net _2_[6]
Nets remaining: 121
Finished routing net _2_[7]
Nets remaining: 120
Keeping route for net _302_
Finished routing net _16_[0]
Nets remaining: 118
Keeping route for net _304_
Finished routing net _16_[1]
Nets remaining: 116
Keeping route for net _305_
Keeping route for net _16_[2]
Keeping route for net _306_
Finished routing net _16_[3]
Nets remaining: 112
Keeping route for net _16_[4]
Keeping route for net _307_
Finished routing net _16_[5]
Nets remaining: 109
Finished routing net _308_
Nets remaining: 108
Finished routing net _16_[6]
Nets remaining: 107
Finished routing net _16_[7]
Nets remaining: 106
Keeping route for net _309_
Finished routing net _15_[0]
Nets remaining: 104
Keeping route for net _311_
Finished routing net _15_[1]
Nets remaining: 102
Keeping route for net _312_
Finished routing net _15_[2]
Nets remaining: 100
Keeping route for net _313_
Finished routing net _15_[3]
Nets remaining: 98
Keeping route for net _314_
Finished routing net _15_[4]
Nets remaining: 96
Finished routing net _315_
Nets remaining: 95
Keeping route for net _15_[5]
Keeping route for net _316_
Finished routing net _15_[6]
Nets remaining: 92
Keeping route for net _317_
Finished routing net _15_[7]
Nets remaining: 90
Finished routing net _14_[0]
Nets remaining: 89
Finished routing net _14_[1]
Nets remaining: 88
Finished routing net _14_[2]
Nets remaining: 87
Finished routing net _14_[3]
Nets remaining: 86
Keeping route for net _319_
Finished routing net _14_[4]
Nets remaining: 84
Finished routing net _14_[5]
Nets remaining: 83
Finished routing net _14_[6]
Nets remaining: 82
Keeping route for net _320_
Finished routing net _14_[7]
Nets remaining: 80
Keeping route for net _321_
Finished routing net _13_[0]
Nets remaining: 78
Keeping route for net _323_
Finished routing net _13_[1]
Nets remaining: 76
Keeping route for net _324_
Finished routing net _13_[2]
Nets remaining: 74
Keeping route for net _325_
Finished routing net _13_[3]
Nets remaining: 72
Finished routing net _326_
Nets remaining: 71
Finished routing net _13_[4]
Nets remaining: 70
Keeping route for net _327_
Finished routing net _13_[5]
Nets remaining: 68
Finished routing net _328_
Nets remaining: 67
Finished routing net _13_[6]
Nets remaining: 66
Keeping route for net _329_
Finished routing net _13_[7]
Nets remaining: 64
Finished routing net _330_
Nets remaining: 63
Finished routing net _12_[0]
Nets remaining: 62
Keeping route for net _332_
Finished routing net _12_[1]
Nets remaining: 60
Keeping route for net _333_
Finished routing net _12_[2]
Nets remaining: 58
Keeping route for net _334_
Finished routing net _12_[3]
Nets remaining: 56
Finished routing net _335_
Nets remaining: 55
Finished routing net _12_[4]
Nets remaining: 54
Keeping route for net _336_
Finished routing net _12_[5]
Nets remaining: 52
Keeping route for net _337_
Finished routing net _12_[6]
Nets remaining: 50
Finished routing net _338_
Nets remaining: 49
Finished routing net _12_[7]
Nets remaining: 48
Keeping route for net _339_
Finished routing net _11_[0]
Nets remaining: 46
Keeping route for net _341_
Finished routing net _11_[1]
Nets remaining: 44
Finished routing net _342_
Nets remaining: 43
Finished routing net _11_[2]
Nets remaining: 42
Keeping route for net _343_
Finished routing net _11_[3]
Nets remaining: 40
Keeping route for net _344_
Finished routing net _11_[4]
Nets remaining: 38
Keeping route for net _345_
Finished routing net _11_[5]
Nets remaining: 36
Keeping route for net _346_
Finished routing net _11_[6]
Nets remaining: 34
Keeping route for net _347_
Finished routing net _11_[7]
Nets remaining: 32
Finished routing net _10_[0]
Nets remaining: 31
Finished routing net _10_[1]
Nets remaining: 30
Finished routing net _10_[2]
Nets remaining: 29
Finished routing net _10_[3]
Nets remaining: 28
Finished routing net _349_
Nets remaining: 27
Finished routing net _10_[4]
Nets remaining: 26
Finished routing net _10_[5]
Nets remaining: 25
Keeping route for net _10_[6]
Keeping route for net _350_
Finished routing net _10_[7]
Nets remaining: 22
Keeping route for net _351_
Finished routing net _9_[0]
Nets remaining: 20
Keeping route for net _352_
Finished routing net _9_[1]
Nets remaining: 18
Keeping route for net _353_
Finished routing net _9_[2]
Nets remaining: 16
Keeping route for net _354_
Finished routing net _9_[3]
Nets remaining: 14
Finished routing net _9_[4]
Nets remaining: 13
Keeping route for net _355_
Finished routing net _9_[5]
Nets remaining: 11
Keeping route for net _356_
Finished routing net _9_[6]
Nets remaining: 9
Finished routing net dout[0]
Nets remaining: 8
Finished routing net dout[1]
Nets remaining: 7
Finished routing net dout[2]
Nets remaining: 6
Finished routing net dout[3]
Nets remaining: 5
Finished routing net dout[4]
Nets remaining: 4
Finished routing net dout[5]
Nets remaining: 3
Finished routing net dout[6]
Nets remaining: 2
Finished routing net dout[7]
Nets remaining: 1

----------------------------------------------
Progress: Stage 3 total routes completed: 2698
No failed routes!
----------------------------------------------
*** Running stage3 routing with defaults, 2nd round
Finished routing net _18_
Nets remaining: 649
Finished routing net _26_
Nets remaining: 648
Finished routing net _32_
Nets remaining: 647
Finished routing net _34_
Nets remaining: 646
Finished routing net _36_
Nets remaining: 645
Finished routing net _38_
Nets remaining: 644
Finished routing net _40_
Nets remaining: 643
Finished routing net _42_
Nets remaining: 642
Finished routing net _56_
Nets remaining: 641
Finished routing net _264_
Nets remaining: 640
Finished routing net _292_
Nets remaining: 639
Finished routing net _273_
Nets remaining: 638
Finished routing net clk_bF$buf10
Nets remaining: 637
Failed to remove stacked via at grid point 42 110.
Failed to remove stacked via at grid point 42 110.
Failed to route net clk_bF$buf9; restoring original
Finished routing net clk_bF$buf8
Nets remaining: 635
Finished routing net clk_bF$buf7
Nets remaining: 634
Failed to remove stacked via at grid point 177 157.
Failed to remove stacked via at grid point 177 157.
Failed to route net clk_bF$buf6; restoring original
Finished routing net clk_bF$buf5
Nets remaining: 632
Finished routing net clk_bF$buf4
Nets remaining: 631
Finished routing net clk_bF$buf3
Nets remaining: 630
Finished routing net clk_bF$buf2
Nets remaining: 629
Finished routing net clk_bF$buf1
Nets remaining: 628
Finished routing net clk_bF$buf0
Nets remaining: 627
Finished routing net _23_
Nets remaining: 626
Finished routing net clk
Nets remaining: 625
Finished routing net _280_
Nets remaining: 624
Finished routing net _318_
Nets remaining: 623
Finished routing net _27_
Nets remaining: 622
Finished routing net _29_
Nets remaining: 621
Finished routing net _46_
Nets remaining: 620
Finished routing net _81_
Nets remaining: 619
Finished routing net _82_
Nets remaining: 618
Finished routing net _89_
Nets remaining: 617
Finished routing net _92_
Nets remaining: 616
Finished routing net _94_
Nets remaining: 615
Finished routing net _98_
Nets remaining: 614
Finished routing net _100_
Nets remaining: 613
Finished routing net _21_
Nets remaining: 612
Finished routing net _24_
Nets remaining: 611
Finished routing net _30_
Nets remaining: 610
Finished routing net _47_
Nets remaining: 609
Finished routing net _95_
Nets remaining: 608
Finished routing net _284_
Nets remaining: 607
Finished routing net _301_
Nets remaining: 606
Finished routing net _303_
Nets remaining: 605
Finished routing net _310_
Nets remaining: 604
Finished routing net _322_
Nets remaining: 603
Finished routing net _331_
Nets remaining: 602
Finished routing net _340_
Nets remaining: 601
Finished routing net _348_
Nets remaining: 600
Finished routing net rst_n
Nets remaining: 599
Finished routing net _69_
Nets remaining: 598
Finished routing net _73_
Nets remaining: 597
Finished routing net _102_
Nets remaining: 596
Keeping route for net vdd
Finished routing net _61_
Nets remaining: 594
Finished routing net _86_
Nets remaining: 593
Finished routing net addr[1]
Nets remaining: 592
Finished routing net addr[2]
Nets remaining: 591
Finished routing net addr[0]
Nets remaining: 590
Finished routing net _22_
Nets remaining: 589
Finished routing net _45_
Nets remaining: 588
Finished routing net addr[3]
Nets remaining: 587
Finished routing net _20_
Nets remaining: 586
Finished routing net _59_
Nets remaining: 585
Finished routing net _60_
Nets remaining: 584
Finished routing net _67_
Nets remaining: 583
Finished routing net _71_
Nets remaining: 582
Finished routing net _80_
Nets remaining: 581
Finished routing net _28_
Nets remaining: 580
Finished routing net _65_
Nets remaining: 579
Finished routing net _68_
Nets remaining: 578
Finished routing net _72_
Nets remaining: 577
Finished routing net _76_
Nets remaining: 576
Finished routing net _79_
Nets remaining: 575
Finished routing net _124_
Nets remaining: 574
Finished routing net _175_
Nets remaining: 573
Finished routing net _17_
Nets remaining: 572
Finished routing net _19_
Nets remaining: 571
Finished routing net we
Nets remaining: 570
Finished routing net mem[1][0]
Nets remaining: 569
Finished routing net mem[1][1]
Nets remaining: 568
Finished routing net mem[1][2]
Nets remaining: 567
Finished routing net mem[1][3]
Nets remaining: 566
Finished routing net mem[1][4]
Nets remaining: 565
Finished routing net mem[1][5]
Nets remaining: 564
Finished routing net mem[1][6]
Nets remaining: 563
Finished routing net mem[1][7]
Nets remaining: 562
Finished routing net mem[0][0]
Nets remaining: 561
Finished routing net mem[0][1]
Nets remaining: 560
Finished routing net mem[0][2]
Nets remaining: 559
Finished routing net mem[0][3]
Nets remaining: 558
Finished routing net mem[0][4]
Nets remaining: 557
Finished routing net mem[0][5]
Nets remaining: 556
Finished routing net mem[0][6]
Nets remaining: 555
Finished routing net mem[0][7]
Nets remaining: 554
Keeping route for net _357_[0]
Keeping route for net _58_
Finished routing net _63_
Nets remaining: 551
Finished routing net _64_
Nets remaining: 550
Finished routing net _66_
Nets remaining: 549
Finished routing net _70_
Nets remaining: 548
Finished routing net _75_
Nets remaining: 547
Finished routing net mem[12][0]
Nets remaining: 546
Finished routing net mem[8][0]
Nets remaining: 545
Finished routing net mem[5][0]
Nets remaining: 544
Finished routing net mem[2][0]
Nets remaining: 543
Keeping route for net mem[6][0]
Finished routing net mem[4][0]
Nets remaining: 541
Finished routing net mem[9][0]
Nets remaining: 540
Finished routing net mem[15][0]
Nets remaining: 539
Finished routing net mem[11][0]
Nets remaining: 538
Finished routing net mem[14][0]
Nets remaining: 537
Finished routing net _357_[1]
Nets remaining: 536
Finished routing net _107_
Nets remaining: 535
Finished routing net _109_
Nets remaining: 534
Finished routing net _110_
Nets remaining: 533
Finished routing net _112_
Nets remaining: 532
Finished routing net mem[12][1]
Nets remaining: 531
Finished routing net mem[11][1]
Nets remaining: 530
Finished routing net mem[5][1]
Nets remaining: 529
Finished routing net mem[2][1]
Nets remaining: 528
Finished routing net mem[6][1]
Nets remaining: 527
Finished routing net mem[4][1]
Nets remaining: 526
Finished routing net mem[9][1]
Nets remaining: 525
Finished routing net mem[15][1]
Nets remaining: 524
Finished routing net mem[8][1]
Nets remaining: 523
Finished routing net mem[14][1]
Nets remaining: 522
Finished routing net _357_[2]
Nets remaining: 521
Finished routing net _130_
Nets remaining: 520
Finished routing net _132_
Nets remaining: 519
Finished routing net _133_
Nets remaining: 518
Finished routing net _135_
Nets remaining: 517
Finished routing net mem[12][2]
Nets remaining: 516
Finished routing net mem[8][2]
Nets remaining: 515
Keeping route for net mem[5][2]
Keeping route for net mem[2][2]
Finished routing net mem[6][2]
Nets remaining: 512
Finished routing net mem[4][2]
Nets remaining: 511
Finished routing net mem[9][2]
Nets remaining: 510
Finished routing net mem[15][2]
Nets remaining: 509
Finished routing net mem[11][2]
Nets remaining: 508
Finished routing net mem[14][2]
Nets remaining: 507
Finished routing net _357_[3]
Nets remaining: 506
Finished routing net _152_
Nets remaining: 505
Finished routing net _154_
Nets remaining: 504
Finished routing net _155_
Nets remaining: 503
Finished routing net _157_
Nets remaining: 502
Finished routing net mem[12][3]
Nets remaining: 501
Finished routing net mem[11][3]
Nets remaining: 500
Finished routing net mem[5][3]
Nets remaining: 499
Finished routing net mem[2][3]
Nets remaining: 498
Finished routing net mem[6][3]
Nets remaining: 497
Finished routing net mem[4][3]
Nets remaining: 496
Finished routing net mem[9][3]
Nets remaining: 495
Finished routing net mem[15][3]
Nets remaining: 494
Finished routing net mem[8][3]
Nets remaining: 493
Finished routing net mem[14][3]
Nets remaining: 492
Finished routing net _357_[4]
Nets remaining: 491
Finished routing net _174_
Nets remaining: 490
Finished routing net _177_
Nets remaining: 489
Finished routing net _178_
Nets remaining: 488
Finished routing net _179_
Nets remaining: 487
Finished routing net _181_
Nets remaining: 486
Finished routing net _182_
Nets remaining: 485
Finished routing net mem[6][4]
Nets remaining: 484
Finished routing net mem[7][4]
Nets remaining: 483
Finished routing net mem[8][4]
Nets remaining: 482
Finished routing net mem[13][4]
Nets remaining: 481
Finished routing net mem[12][4]
Nets remaining: 480
Keeping route for net mem[4][4]
Finished routing net mem[15][4]
Nets remaining: 478
Finished routing net mem[11][4]
Nets remaining: 477
Finished routing net mem[3][4]
Nets remaining: 476
Finished routing net mem[5][4]
Nets remaining: 475
Finished routing net _357_[5]
Nets remaining: 474
Finished routing net _200_
Nets remaining: 473
Finished routing net _202_
Nets remaining: 472
Finished routing net _203_
Nets remaining: 471
Finished routing net _205_
Nets remaining: 470
Finished routing net mem[12][5]
Nets remaining: 469
Finished routing net mem[8][5]
Nets remaining: 468
Finished routing net mem[5][5]
Nets remaining: 467
Finished routing net mem[2][5]
Nets remaining: 466
Finished routing net mem[6][5]
Nets remaining: 465
Finished routing net mem[4][5]
Nets remaining: 464
Finished routing net mem[9][5]
Nets remaining: 463
Finished routing net mem[15][5]
Nets remaining: 462
Finished routing net mem[11][5]
Nets remaining: 461
Finished routing net mem[14][5]
Nets remaining: 460
Finished routing net _357_[6]
Nets remaining: 459
Finished routing net _222_
Nets remaining: 458
Finished routing net _224_
Nets remaining: 457
Finished routing net _225_
Nets remaining: 456
Finished routing net _227_
Nets remaining: 455
Finished routing net mem[12][6]
Nets remaining: 454
Finished routing net mem[11][6]
Nets remaining: 453
Finished routing net mem[5][6]
Nets remaining: 452
Finished routing net mem[2][6]
Nets remaining: 451
Finished routing net mem[6][6]
Nets remaining: 450
Finished routing net mem[4][6]
Nets remaining: 449
Finished routing net mem[9][6]
Nets remaining: 448
Finished routing net mem[15][6]
Nets remaining: 447
Finished routing net mem[8][6]
Nets remaining: 446
Finished routing net mem[14][6]
Nets remaining: 445
Finished routing net _357_[7]
Nets remaining: 444
Finished routing net _244_
Nets remaining: 443
Finished routing net _246_
Nets remaining: 442
Finished routing net _248_
Nets remaining: 441
Finished routing net mem[6][7]
Nets remaining: 440
Finished routing net mem[7][7]
Nets remaining: 439
Finished routing net mem[11][7]
Nets remaining: 438
Finished routing net mem[13][7]
Nets remaining: 437
Keeping route for net mem[12][7]
Finished routing net mem[4][7]
Nets remaining: 435
Finished routing net mem[15][7]
Nets remaining: 434
Finished routing net mem[8][7]
Nets remaining: 433
Keeping route for net mem[3][7]
Finished routing net mem[5][7]
Nets remaining: 431
Keeping route for net mem[2][7]
Finished routing net din[7]
Nets remaining: 429
Keeping route for net cs
Finished routing net _9_[7]
Nets remaining: 427
Keeping route for net _25_
Finished routing net din[0]
Nets remaining: 425
Finished routing net _8_[0]
Nets remaining: 424
Keeping route for net _31_
Finished routing net din[1]
Nets remaining: 422
Finished routing net _8_[1]
Nets remaining: 421
Keeping route for net _33_
Finished routing net din[2]
Nets remaining: 419
Finished routing net _8_[2]
Nets remaining: 418
Keeping route for net _35_
Finished routing net din[3]
Nets remaining: 416
Finished routing net _8_[3]
Nets remaining: 415
Finished routing net _37_
Nets remaining: 414
Finished routing net din[4]
Nets remaining: 413
Keeping route for net _8_[4]
Keeping route for net _39_
Finished routing net din[5]
Nets remaining: 410
Finished routing net _8_[5]
Nets remaining: 409
Keeping route for net _41_
Finished routing net din[6]
Nets remaining: 407
Finished routing net _8_[6]
Nets remaining: 406
Keeping route for net _43_
Finished routing net _8_[7]
Nets remaining: 404
Keeping route for net _44_
Finished routing net _1_[0]
Nets remaining: 402
Finished routing net _48_
Nets remaining: 401
Keeping route for net _1_[1]
Keeping route for net _49_
Finished routing net _1_[2]
Nets remaining: 398
Keeping route for net _50_
Finished routing net _1_[3]
Nets remaining: 396
Keeping route for net _51_
Finished routing net _1_[4]
Nets remaining: 394
Keeping route for net _52_
Finished routing net _1_[5]
Nets remaining: 392
Finished routing net _53_
Nets remaining: 391
Keeping route for net _1_[6]
Keeping route for net _54_
Finished routing net _1_[7]
Nets remaining: 388
Keeping route for net re
Keeping route for net _55_
Keeping route for net _57_
Finished routing net mem[3][0]
Nets remaining: 384
Finished routing net _62_
Nets remaining: 383
Finished routing net mem[13][0]
Nets remaining: 382
Keeping route for net mem[7][0]
Finished routing net _74_
Nets remaining: 380
Finished routing net mem[10][0]
Nets remaining: 379
Keeping route for net _77_
Keeping route for net _78_
Finished routing net _83_
Nets remaining: 376
Finished routing net _84_
Nets remaining: 375
Finished routing net _85_
Nets remaining: 374
Finished routing net _87_
Nets remaining: 373
Keeping route for net _88_
Finished routing net _90_
Nets remaining: 371
Finished routing net _91_
Nets remaining: 370
Finished routing net _93_
Nets remaining: 369
Finished routing net _96_
Nets remaining: 368
Finished routing net _97_
Nets remaining: 367
Finished routing net _99_
Nets remaining: 366
Finished routing net _101_
Nets remaining: 365
Finished routing net _103_
Nets remaining: 364
Finished routing net _104_
Nets remaining: 363
Finished routing net _105_
Nets remaining: 362
Finished routing net _0_[0]
Nets remaining: 361
Finished routing net _106_
Nets remaining: 360
Finished routing net mem[3][1]
Nets remaining: 359
Keeping route for net _108_
Keeping route for net mem[13][1]
Finished routing net mem[7][1]
Nets remaining: 356
Finished routing net _111_
Nets remaining: 355
Finished routing net mem[10][1]
Nets remaining: 354
Keeping route for net _113_
Finished routing net _114_
Nets remaining: 352
Finished routing net _115_
Nets remaining: 351
Finished routing net _116_
Nets remaining: 350
Finished routing net _117_
Nets remaining: 349
Finished routing net _118_
Nets remaining: 348
Finished routing net _119_
Nets remaining: 347
Keeping route for net _120_
Finished routing net _121_
Nets remaining: 345
Finished routing net _122_
Nets remaining: 344
Finished routing net _123_
Nets remaining: 343
Finished routing net _125_
Nets remaining: 342
Finished routing net _126_
Nets remaining: 341
Finished routing net _127_
Nets remaining: 340
Finished routing net _128_
Nets remaining: 339
Finished routing net _0_[1]
Nets remaining: 338
Finished routing net _129_
Nets remaining: 337
Keeping route for net mem[3][2]
Keeping route for net _131_
Keeping route for net mem[13][2]
Keeping route for net mem[7][2]
Finished routing net _134_
Nets remaining: 332
Finished routing net mem[10][2]
Nets remaining: 331
Finished routing net _136_
Nets remaining: 330
Finished routing net _137_
Nets remaining: 329
Finished routing net _138_
Nets remaining: 328
Finished routing net _139_
Nets remaining: 327
Keeping route for net _140_
Finished routing net _141_
Nets remaining: 325
Finished routing net _142_
Nets remaining: 324
Finished routing net _143_
Nets remaining: 323
Finished routing net _144_
Nets remaining: 322
Finished routing net _145_
Nets remaining: 321
Finished routing net _146_
Nets remaining: 320
Finished routing net _147_
Nets remaining: 319
Finished routing net _148_
Nets remaining: 318
Finished routing net _149_
Nets remaining: 317
Finished routing net _150_
Nets remaining: 316
Finished routing net _0_[2]
Nets remaining: 315
Keeping route for net _151_
Finished routing net mem[3][3]
Nets remaining: 313
Finished routing net _153_
Nets remaining: 312
Finished routing net mem[13][3]
Nets remaining: 311
Keeping route for net mem[7][3]
Finished routing net _156_
Nets remaining: 309
Finished routing net mem[10][3]
Nets remaining: 308
Finished routing net _158_
Nets remaining: 307
Finished routing net _159_
Nets remaining: 306
Finished routing net _160_
Nets remaining: 305
Keeping route for net _161_
Finished routing net _162_
Nets remaining: 303
Finished routing net _163_
Nets remaining: 302
Finished routing net _164_
Nets remaining: 301
Finished routing net _165_
Nets remaining: 300
Finished routing net _166_
Nets remaining: 299
Finished routing net _167_
Nets remaining: 298
Finished routing net _168_
Nets remaining: 297
Finished routing net _169_
Nets remaining: 296
Finished routing net _170_
Nets remaining: 295
Finished routing net _171_
Nets remaining: 294
Finished routing net _172_
Nets remaining: 293
Finished routing net _0_[3]
Nets remaining: 292
Finished routing net _173_
Nets remaining: 291
Keeping route for net mem[14][4]
Finished routing net _176_
Nets remaining: 289
Finished routing net mem[10][4]
Nets remaining: 288
Finished routing net mem[2][4]
Nets remaining: 287
Finished routing net _180_
Nets remaining: 286
Finished routing net mem[9][4]
Nets remaining: 285
Finished routing net _183_
Nets remaining: 284
Finished routing net _184_
Nets remaining: 283
Finished routing net _185_
Nets remaining: 282
Finished routing net _186_
Nets remaining: 281
Finished routing net _187_
Nets remaining: 280
Finished routing net _188_
Nets remaining: 279
Finished routing net _189_
Nets remaining: 278
Finished routing net _190_
Nets remaining: 277
Finished routing net _191_
Nets remaining: 276
Finished routing net _192_
Nets remaining: 275
Finished routing net _193_
Nets remaining: 274
Finished routing net _194_
Nets remaining: 273
Keeping route for net _195_
Finished routing net _196_
Nets remaining: 271
Finished routing net _197_
Nets remaining: 270
Finished routing net _198_
Nets remaining: 269
Finished routing net _0_[4]
Nets remaining: 268
Keeping route for net _199_
Finished routing net mem[3][5]
Nets remaining: 266
Finished routing net _201_
Nets remaining: 265
Finished routing net mem[13][5]
Nets remaining: 264
Finished routing net mem[7][5]
Nets remaining: 263
Finished routing net _204_
Nets remaining: 262
Finished routing net mem[10][5]
Nets remaining: 261
Finished routing net _206_
Nets remaining: 260
Finished routing net _207_
Nets remaining: 259
Finished routing net _208_
Nets remaining: 258
Finished routing net _209_
Nets remaining: 257
Keeping route for net _210_
Finished routing net _211_
Nets remaining: 255
Finished routing net _212_
Nets remaining: 254
Finished routing net _213_
Nets remaining: 253
Finished routing net _214_
Nets remaining: 252
Finished routing net _215_
Nets remaining: 251
Finished routing net _216_
Nets remaining: 250
Finished routing net _217_
Nets remaining: 249
Finished routing net _218_
Nets remaining: 248
Finished routing net _219_
Nets remaining: 247
Finished routing net _220_
Nets remaining: 246
Finished routing net _0_[5]
Nets remaining: 245
Keeping route for net _221_
Keeping route for net mem[3][6]
Finished routing net _223_
Nets remaining: 242
Finished routing net mem[13][6]
Nets remaining: 241
Finished routing net mem[7][6]
Nets remaining: 240
Finished routing net _226_
Nets remaining: 239
Keeping route for net mem[10][6]
Finished routing net _228_
Nets remaining: 237
Finished routing net _229_
Nets remaining: 236
Finished routing net _230_
Nets remaining: 235
Keeping route for net _231_
Keeping route for net _232_
Finished routing net _233_
Nets remaining: 232
Finished routing net _234_
Nets remaining: 231
Finished routing net _235_
Nets remaining: 230
Finished routing net _236_
Nets remaining: 229
Finished routing net _237_
Nets remaining: 228
Finished routing net _238_
Nets remaining: 227
Keeping route for net _239_
Finished routing net _240_
Nets remaining: 225
Finished routing net _241_
Nets remaining: 224
Finished routing net _242_
Nets remaining: 223
Finished routing net _0_[6]
Nets remaining: 222
Finished routing net _243_
Nets remaining: 221
Finished routing net mem[14][7]
Nets remaining: 220
Finished routing net _245_
Nets remaining: 219
Finished routing net mem[10][7]
Nets remaining: 218
Finished routing net _247_
Nets remaining: 217
Finished routing net mem[9][7]
Nets remaining: 216
Finished routing net _249_
Nets remaining: 215
Finished routing net _250_
Nets remaining: 214
Finished routing net _251_
Nets remaining: 213
Finished routing net _252_
Nets remaining: 212
Finished routing net _253_
Nets remaining: 211
Finished routing net _254_
Nets remaining: 210
Finished routing net _255_
Nets remaining: 209
Finished routing net _256_
Nets remaining: 208
Finished routing net _257_
Nets remaining: 207
Finished routing net _258_
Nets remaining: 206
Finished routing net _259_
Nets remaining: 205
Finished routing net _260_
Nets remaining: 204
Finished routing net _261_
Nets remaining: 203
Finished routing net _262_
Nets remaining: 202
Finished routing net _263_
Nets remaining: 201
Finished routing net _0_[7]
Nets remaining: 200
Keeping route for net _265_
Keeping route for net _7_[0]
Keeping route for net _266_
Finished routing net _7_[1]
Nets remaining: 196
Keeping route for net _267_
Finished routing net _7_[2]
Nets remaining: 194
Keeping route for net _268_
Finished routing net _7_[3]
Nets remaining: 192
Keeping route for net _269_
Finished routing net _7_[4]
Nets remaining: 190
Keeping route for net _270_
Finished routing net _7_[5]
Nets remaining: 188
Keeping route for net _271_
Finished routing net _7_[6]
Nets remaining: 186
Keeping route for net _272_
Finished routing net _7_[7]
Nets remaining: 184
Keeping route for net _274_
Finished routing net _6_[0]
Nets remaining: 182
Keeping route for net _275_
Finished routing net _6_[1]
Nets remaining: 180
Keeping route for net _276_
Finished routing net _6_[2]
Nets remaining: 178
Keeping route for net _277_
Finished routing net _6_[3]
Nets remaining: 176
Finished routing net _6_[4]
Nets remaining: 175
Keeping route for net _278_
Finished routing net _6_[5]
Nets remaining: 173
Keeping route for net _279_
Finished routing net _6_[6]
Nets remaining: 171
Finished routing net _6_[7]
Nets remaining: 170
Finished routing net _5_[0]
Nets remaining: 169
Finished routing net _5_[1]
Nets remaining: 168
Finished routing net _5_[2]
Nets remaining: 167
Finished routing net _5_[3]
Nets remaining: 166
Keeping route for net _281_
Finished routing net _5_[4]
Nets remaining: 164
Finished routing net _5_[5]
Nets remaining: 163
Finished routing net _5_[6]
Nets remaining: 162
Keeping route for net _282_
Finished routing net _5_[7]
Nets remaining: 160
Keeping route for net _283_
Finished routing net _4_[0]
Nets remaining: 158
Finished routing net _285_
Nets remaining: 157
Finished routing net _4_[1]
Nets remaining: 156
Finished routing net _286_
Nets remaining: 155
Finished routing net _4_[2]
Nets remaining: 154
Keeping route for net _287_
Finished routing net _4_[3]
Nets remaining: 152
Keeping route for net _288_
Finished routing net _4_[4]
Nets remaining: 150
Keeping route for net _289_
Finished routing net _4_[5]
Nets remaining: 148
Keeping route for net _290_
Finished routing net _4_[6]
Nets remaining: 146
Keeping route for net _291_
Finished routing net _4_[7]
Nets remaining: 144
Keeping route for net _293_
Finished routing net _3_[0]
Nets remaining: 142
Keeping route for net _294_
Finished routing net _3_[1]
Nets remaining: 140
Keeping route for net _295_
Finished routing net _3_[2]
Nets remaining: 138
Keeping route for net _296_
Finished routing net _3_[3]
Nets remaining: 136
Keeping route for net _297_
Finished routing net _3_[4]
Nets remaining: 134
Keeping route for net _298_
Finished routing net _3_[5]
Nets remaining: 132
Keeping route for net _299_
Finished routing net _3_[6]
Nets remaining: 130
Finished routing net _300_
Nets remaining: 129
Finished routing net _3_[7]
Nets remaining: 128
Finished routing net _2_[0]
Nets remaining: 127
Finished routing net _2_[1]
Nets remaining: 126
Finished routing net _2_[2]
Nets remaining: 125
Keeping route for net _2_[3]
Finished routing net _2_[4]
Nets remaining: 123
Finished routing net _2_[5]
Nets remaining: 122
Finished routing net _2_[6]
Nets remaining: 121
Finished routing net _2_[7]
Nets remaining: 120
Keeping route for net _302_
Finished routing net _16_[0]
Nets remaining: 118
Keeping route for net _304_
Finished routing net _16_[1]
Nets remaining: 116
Keeping route for net _305_
Keeping route for net _16_[2]
Keeping route for net _306_
Finished routing net _16_[3]
Nets remaining: 112
Keeping route for net _16_[4]
Keeping route for net _307_
Finished routing net _16_[5]
Nets remaining: 109
Keeping route for net _308_
Finished routing net _16_[6]
Nets remaining: 107
Finished routing net _16_[7]
Nets remaining: 106
Keeping route for net _309_
Finished routing net _15_[0]
Nets remaining: 104
Keeping route for net _311_
Finished routing net _15_[1]
Nets remaining: 102
Keeping route for net _312_
Finished routing net _15_[2]
Nets remaining: 100
Keeping route for net _313_
Finished routing net _15_[3]
Nets remaining: 98
Keeping route for net _314_
Finished routing net _15_[4]
Nets remaining: 96
Finished routing net _315_
Nets remaining: 95
Keeping route for net _15_[5]
Keeping route for net _316_
Finished routing net _15_[6]
Nets remaining: 92
Keeping route for net _317_
Finished routing net _15_[7]
Nets remaining: 90
Finished routing net _14_[0]
Nets remaining: 89
Finished routing net _14_[1]
Nets remaining: 88
Finished routing net _14_[2]
Nets remaining: 87
Finished routing net _14_[3]
Nets remaining: 86
Keeping route for net _319_
Finished routing net _14_[4]
Nets remaining: 84
Finished routing net _14_[5]
Nets remaining: 83
Finished routing net _14_[6]
Nets remaining: 82
Keeping route for net _320_
Finished routing net _14_[7]
Nets remaining: 80
Keeping route for net _321_
Finished routing net _13_[0]
Nets remaining: 78
Keeping route for net _323_
Finished routing net _13_[1]
Nets remaining: 76
Keeping route for net _324_
Finished routing net _13_[2]
Nets remaining: 74
Keeping route for net _325_
Finished routing net _13_[3]
Nets remaining: 72
Finished routing net _326_
Nets remaining: 71
Finished routing net _13_[4]
Nets remaining: 70
Keeping route for net _327_
Finished routing net _13_[5]
Nets remaining: 68
Finished routing net _328_
Nets remaining: 67
Finished routing net _13_[6]
Nets remaining: 66
Keeping route for net _329_
Finished routing net _13_[7]
Nets remaining: 64
Finished routing net _330_
Nets remaining: 63
Finished routing net _12_[0]
Nets remaining: 62
Keeping route for net _332_
Finished routing net _12_[1]
Nets remaining: 60
Keeping route for net _333_
Finished routing net _12_[2]
Nets remaining: 58
Keeping route for net _334_
Finished routing net _12_[3]
Nets remaining: 56
Finished routing net _335_
Nets remaining: 55
Finished routing net _12_[4]
Nets remaining: 54
Keeping route for net _336_
Finished routing net _12_[5]
Nets remaining: 52
Keeping route for net _337_
Finished routing net _12_[6]
Nets remaining: 50
Finished routing net _338_
Nets remaining: 49
Keeping route for net _12_[7]
Keeping route for net _339_
Finished routing net _11_[0]
Nets remaining: 46
Keeping route for net _341_
Finished routing net _11_[1]
Nets remaining: 44
Finished routing net _342_
Nets remaining: 43
Finished routing net _11_[2]
Nets remaining: 42
Keeping route for net _343_
Finished routing net _11_[3]
Nets remaining: 40
Keeping route for net _344_
Finished routing net _11_[4]
Nets remaining: 38
Keeping route for net _345_
Finished routing net _11_[5]
Nets remaining: 36
Keeping route for net _346_
Finished routing net _11_[6]
Nets remaining: 34
Keeping route for net _347_
Finished routing net _11_[7]
Nets remaining: 32
Finished routing net _10_[0]
Nets remaining: 31
Finished routing net _10_[1]
Nets remaining: 30
Finished routing net _10_[2]
Nets remaining: 29
Finished routing net _10_[3]
Nets remaining: 28
Finished routing net _349_
Nets remaining: 27
Finished routing net _10_[4]
Nets remaining: 26
Finished routing net _10_[5]
Nets remaining: 25
Keeping route for net _10_[6]
Keeping route for net _350_
Finished routing net _10_[7]
Nets remaining: 22
Keeping route for net _351_
Finished routing net _9_[0]
Nets remaining: 20
Keeping route for net _352_
Finished routing net _9_[1]
Nets remaining: 18
Keeping route for net _353_
Finished routing net _9_[2]
Nets remaining: 16
Keeping route for net _354_
Finished routing net _9_[3]
Nets remaining: 14
Finished routing net _9_[4]
Nets remaining: 13
Keeping route for net _355_
Finished routing net _9_[5]
Nets remaining: 11
Keeping route for net _356_
Finished routing net _9_[6]
Nets remaining: 9
Finished routing net dout[0]
Nets remaining: 8
Finished routing net dout[1]
Nets remaining: 7
Finished routing net dout[2]
Nets remaining: 6
Finished routing net dout[3]
Nets remaining: 5
Finished routing net dout[4]
Nets remaining: 4
Finished routing net dout[5]
Nets remaining: 3
Finished routing net dout[6]
Nets remaining: 2
Finished routing net dout[7]
Nets remaining: 1

----------------------------------------------
Progress: Stage 3 total routes completed: 3947
No failed routes!
----------------------------------------------
*** Writing DEF file sram8t_route.def
emit_routes():  DEF file has 649 nets and 3 specialnets.
but qrouter wants to write 650 nets and specialnets.
----------------------------------------------
Final: No failed routes!
----------------------------------------------
*** Writing RC file sram8t_route.rc
Running annotate.tcl antenna.out /home/jeyapranov/vsdflow/designs/sram8t/synthesis/sram8t.rtlnopwr.v
  /home/jeyapranov/vsdflow/designs/sram8t/synthesis/sram8t.spc /home/jeyapranov/vsdflow/designs/sram8t/synthesis/sram8t.rtlnopwr.anno.v
  /home/jeyapranov/vsdflow/designs/sram8t/synthesis/sram8t.anno.spc  /usr/local/share/qflow/tech/osu018/osu018_stdcells.sp /home/jeyapranov/vsdflow/designs/sram8t/synthesis/sram8t_powerground
Running annotate.tcl
found cell FILL pinlist vdd gnd
Done with annotate.tcl
Router script ended on Tue Jul 8 10:39:09 PM IST 2025
