#! /usr/bin/vvp
:ivl_version "11.0 (stable)";
:ivl_delay_selection "TYPICAL";
:vpi_time_precision + 0;
:vpi_module "/usr/lib/x86_64-linux-gnu/ivl/system.vpi";
:vpi_module "/usr/lib/x86_64-linux-gnu/ivl/vhdl_sys.vpi";
:vpi_module "/usr/lib/x86_64-linux-gnu/ivl/vhdl_textio.vpi";
:vpi_module "/usr/lib/x86_64-linux-gnu/ivl/v2005_math.vpi";
:vpi_module "/usr/lib/x86_64-linux-gnu/ivl/va_math.vpi";
S_0x5622a9f11dc0 .scope module, "test" "test" 2 3;
 .timescale 0 0;
P_0x5622a9f36880 .param/l "ADDR_WIDTH" 1 2 5, +C4<00000000000000000000000000000100>;
P_0x5622a9f368c0 .param/l "DATA_WIDTH" 1 2 6, +C4<00000000000000000000000000001000>;
v0x5622a9f66220_0 .var "addr", 3 0;
v0x5622a9f66300_0 .var "clk", 0 0;
v0x5622a9f663d0_0 .var "cs", 0 0;
v0x5622a9f664d0_0 .var "din", 7 0;
v0x5622a9f665a0_0 .net "dout", 7 0, v0x5622a9f65d40_0;  1 drivers
v0x5622a9f66640_0 .var "re", 0 0;
v0x5622a9f66710_0 .var "rst_n", 0 0;
v0x5622a9f667e0_0 .var "we", 0 0;
S_0x5622a9f12020 .scope module, "uut" "sram8t" 2 17, 3 2 0, S_0x5622a9f11dc0;
 .timescale 0 0;
    .port_info 0 /INPUT 1 "clk";
    .port_info 1 /INPUT 1 "rst_n";
    .port_info 2 /INPUT 1 "cs";
    .port_info 3 /INPUT 1 "re";
    .port_info 4 /INPUT 1 "we";
    .port_info 5 /INPUT 4 "addr";
    .port_info 6 /INPUT 8 "din";
    .port_info 7 /OUTPUT 8 "dout";
P_0x5622a9f36410 .param/l "ADDR_WIDTH" 0 3 3, +C4<00000000000000000000000000000100>;
P_0x5622a9f36450 .param/l "DATA_WIDTH" 0 3 4, +C4<00000000000000000000000000001000>;
L_0x5622a9f668b0 .functor OR 1, v0x5622a9f66640_0, v0x5622a9f667e0_0, C4<0>, C4<0>;
L_0x5622a9f669f0 .functor AND 1, v0x5622a9f663d0_0, L_0x5622a9f668b0, C4<1>, C4<1>;
v0x5622a9f4f070_0 .net *"_ivl_0", 0 0, L_0x5622a9f668b0;  1 drivers
v0x5622a9f658e0_0 .net "access_en", 0 0, L_0x5622a9f669f0;  1 drivers
v0x5622a9f659a0_0 .net "addr", 3 0, v0x5622a9f66220_0;  1 drivers
v0x5622a9f65a90_0 .net "clk", 0 0, v0x5622a9f66300_0;  1 drivers
v0x5622a9f65b50_0 .net "cs", 0 0, v0x5622a9f663d0_0;  1 drivers
v0x5622a9f65c60_0 .net "din", 7 0, v0x5622a9f664d0_0;  1 drivers
v0x5622a9f65d40_0 .var "dout", 7 0;
v0x5622a9f65e20 .array "mem", 15 0, 7 0;
v0x5622a9f65ee0_0 .net "re", 0 0, v0x5622a9f66640_0;  1 drivers
v0x5622a9f65fa0_0 .net "rst_n", 0 0, v0x5622a9f66710_0;  1 drivers
v0x5622a9f66060_0 .net "we", 0 0, v0x5622a9f667e0_0;  1 drivers
E_0x5622a9f4fbb0/0 .event negedge, v0x5622a9f65fa0_0;
E_0x5622a9f4fbb0/1 .event posedge, v0x5622a9f65a90_0;
E_0x5622a9f4fbb0 .event/or E_0x5622a9f4fbb0/0, E_0x5622a9f4fbb0/1;
    .scope S_0x5622a9f12020;
T_0 ;
    %wait E_0x5622a9f4fbb0;
    %load/vec4 v0x5622a9f65fa0_0;
    %nor/r;
    %flag_set/vec4 8;
    %jmp/0xz  T_0.0, 8;
    %pushi/vec4 0, 0, 8;
    %assign/vec4 v0x5622a9f65d40_0, 0;
    %jmp T_0.1;
T_0.0 ;
    %load/vec4 v0x5622a9f658e0_0;
    %flag_set/vec4 8;
    %jmp/0xz  T_0.2, 8;
    %load/vec4 v0x5622a9f66060_0;
    %flag_set/vec4 8;
    %jmp/0xz  T_0.4, 8;
    %load/vec4 v0x5622a9f65c60_0;
    %load/vec4 v0x5622a9f659a0_0;
    %pad/u 6;
    %ix/vec4 3;
    %ix/load 4, 0, 0; Constant delay
    %assign/vec4/a/d v0x5622a9f65e20, 0, 4;
    %jmp T_0.5;
T_0.4 ;
    %load/vec4 v0x5622a9f65ee0_0;
    %flag_set/vec4 8;
    %jmp/0xz  T_0.6, 8;
    %load/vec4 v0x5622a9f659a0_0;
    %pad/u 6;
    %ix/vec4 4;
    %load/vec4a v0x5622a9f65e20, 4;
    %assign/vec4 v0x5622a9f65d40_0, 0;
T_0.6 ;
T_0.5 ;
    %jmp T_0.3;
T_0.2 ;
    %pushi/vec4 0, 255, 8;
    %assign/vec4 v0x5622a9f65d40_0, 0;
T_0.3 ;
T_0.1 ;
    %jmp T_0;
    .thread T_0;
    .scope S_0x5622a9f11dc0;
T_1 ;
    %pushi/vec4 0, 0, 1;
    %store/vec4 v0x5622a9f66300_0, 0, 1;
    %pushi/vec4 0, 0, 1;
    %store/vec4 v0x5622a9f66710_0, 0, 1;
    %pushi/vec4 0, 0, 1;
    %store/vec4 v0x5622a9f663d0_0, 0, 1;
    %pushi/vec4 0, 0, 1;
    %store/vec4 v0x5622a9f66640_0, 0, 1;
    %pushi/vec4 0, 0, 1;
    %store/vec4 v0x5622a9f667e0_0, 0, 1;
    %pushi/vec4 0, 0, 4;
    %store/vec4 v0x5622a9f66220_0, 0, 4;
    %pushi/vec4 0, 0, 8;
    %store/vec4 v0x5622a9f664d0_0, 0, 8;
    %end;
    .thread T_1;
    .scope S_0x5622a9f11dc0;
T_2 ;
    %delay 5, 0;
    %load/vec4 v0x5622a9f66300_0;
    %inv;
    %store/vec4 v0x5622a9f66300_0, 0, 1;
    %jmp T_2;
    .thread T_2;
    .scope S_0x5622a9f11dc0;
T_3 ;
    %vpi_call 2 25 "$dumpfile", "wave.vcd" {0 0 0};
    %vpi_call 2 26 "$dumpvars", 32'sb00000000000000000000000000000000, S_0x5622a9f11dc0 {0 0 0};
    %delay 10, 0;
    %pushi/vec4 1, 0, 1;
    %store/vec4 v0x5622a9f66710_0, 0, 1;
    %delay 10, 0;
    %pushi/vec4 1, 0, 1;
    %store/vec4 v0x5622a9f663d0_0, 0, 1;
    %pushi/vec4 1, 0, 1;
    %store/vec4 v0x5622a9f667e0_0, 0, 1;
    %pushi/vec4 2, 0, 4;
    %store/vec4 v0x5622a9f66220_0, 0, 4;
    %pushi/vec4 170, 0, 8;
    %store/vec4 v0x5622a9f664d0_0, 0, 8;
    %delay 10, 0;
    %pushi/vec4 0, 0, 1;
    %store/vec4 v0x5622a9f667e0_0, 0, 1;
    %delay 10, 0;
    %pushi/vec4 1, 0, 1;
    %store/vec4 v0x5622a9f66640_0, 0, 1;
    %delay 10, 0;
    %pushi/vec4 0, 0, 1;
    %store/vec4 v0x5622a9f66640_0, 0, 1;
    %delay 20, 0;
    %vpi_call 2 39 "$finish" {0 0 0};
    %end;
    .thread T_3;
# The file index is used to find the file name in the following table.
:file_names 4;
    "N/A";
    "<interactive>";
    "test.v";
    "sram8t.v";
